Log of Software Engineer
[2026-05-08--18:02:48]User: You will be supplied with the Requirements Policy for the company you work for, it is integral that you follow them when writing your Low Level Requirements.
Afterwards you will be supplied with High Level Requirements, that you have to refine use your entire knowledgebase to do this, while keeping with the requirement policy
Whenever an output is requested answer only with the output, otherwise answer only with "check", whenever you understand your task, and with "help", following with you problem whenever a problem occurs.
This is the Requirement Policy you have to learn:
Software Requirements Policy (SRP)
Version 1.0

1. Format
1.1 Structure Description

1.1.1 Document Structure
1. Requirements are to be structured using XML files.
2. An XML file must either contain only High Level Requirements or only Low Level Requirements.
3. All documents must start with the <Requirements> tag.
4. The <Requirements> tag must have two attributes:
   a. “version”: the file's version
   b. “hierarchy”: specifies if the file contains only High Level Requirements (“HLR”) or only Low Level Requirements (“LLR”)

1.1.2 Requirement Structure
5. Below the <Requirements> tag, every requirement must be stored inside its own <Requirement> tag.
   a. The <Requirement> tag must contain “type”, denoting whether it is Functional Requirement (“FR”) or Non-Functional Requirement (“NFR”)

6. Each <Requirement> must contain the following child tags:
   a. <ID>: unique identifier for the requirement
   b. <Name>: name of the requirement
   c. <Content>: description of the requirement
   d. <Relationships>: contains relationships to other requirements

1.1.3 HLR Relationships
7. When defining a High Level Requirement, the <Relationships> tag can contain zero or more of the following:
   a. <DependsOn>: each containing the ID of a High-Level Requirement that this requirement depends on.

1.1.4 LLR Relationships
8. When defining a Low Level Requirement, the <Relationships> tag can contain zero or more of the following:
   a. <DependsOn>: each containing the ID of a Low-Level Requirement that this requirement depends on.
   b. <Refines>: each containing the ID of a High-Level Requirement this requirement refines.

1.2 Structure Template

1.2.1 High-Level Requirements
<Requirements version="{version}" hierarchy="HLR">
   <Requirement ID="{Requirement ID}">
       <Type>{Requirement Type}</Type>
       <Name>{Requirement Name}</Name>
       <Relationships>
           <DependsOn>{HLR this one depends on}</DependsOn>
       </Relationships>
       <Content>
           {Requirement Content}
       </Content>
   </Requirement>
   <!-- Repeat for each High Level Requirement -->
</Requirements>

1.2.2 Low-Level Requirements
<Requirements version="{version}" hierarchy="LLR">
   <Requirement ID="{Requirement ID}">
       <Type>{Requirement Type}</Type>
       <Name>{Requirement Name}</Name>
       <Relationships>
           <Refines>{HLR this one refines}</Refines>
           <DependsOn>{LLR this one depends on}</DependsOn>
       </Relationships>
       <Content>
           {Requirement Content}
       </Content>
   </Requirement>
   <!-- Repeat for each Low Level Requirement -->
</Requirements>

2. Traceability
2.1 Relationships

2.1.1 Refines
1. The Refines property is only applicable for Low-level requirements.
2. Only High-level requirements can be the target of the Refines relationship.
3. The Low-level requirement must not contradict the High-level requirements it refines.
4. Every part of any High-level requirement must be refined into a Low-level requirement.
5. Any part of any Low-level requirement must be traceable to a refined High-level requirement.

2.1.2 Depends On
1. The Depends On property is applicable for Low and High Level Requirements.
2. It describes a dependency between two requirements on the same or different layers
3. A requirements that refines another, cant point to it with the depends on property

3. Content
3.1 Hierarchy

3.1.1 High-Level Requirements
1. High-level requirements should be relatively broad in scope.
2. High-level requirements should describe the system capabilities.
3. High-level requirements must be testable.
4. High-level requirements must be implementable.
5. High-level requirements must be refined by at least one Low-level requirement.

3.1.2 Low-Level Requirements
6. Low-level requirements must always refine at least one High-level requirement, and can refine multiple if needed.
7. Low-level requirements should describe a specific system function.
8. Low-level requirements must be testable.
9. Low-level requirements must be implementable.

3.2 Identification
1. The content of the <ID> tag must conform to the pattern:
   “{level}-{category}-{section}.{item}”
   a. {level}: HL or LL
   b. {category}: category code (e.g., UI)
   c. {section}: major part of category
   d. {item}: sub-item (0 describes category)

2. The content of the <Name> tag must be a short description of the requirement.

3.3 Type
Type is noted in the type attribute of each requirement
3.3.1 Functional Requirements
Describe concrete functions of the system.
In the type attribute it is noted as "FR"

3.3.2 Non-Functional Requirements
Describe restrictions placed on the system.
In the type attribute it is noted as "NFR"

3.4 Wording
1. Requirements must be expressed in plain English using "shall".
2. Requirements must be understandable on their own.
3. Requirements must be unambiguous.
 


[2026-05-08--18:02:58]Agent: check
[2026-05-08--18:02:58]User: You will be supplied with the Requirements Policy for the company you work for, it is integral that you follow them when writing your Low Level Requirements.
Afterwards you will be supplied with High Level Requirements, that you have to refine use your entire knowledgebase to do this, while keeping with the requirement policy
Whenever an output is requested answer only with the output, otherwise answer only with "check", whenever you understand your task, and with "help", following with you problem whenever a problem occurs.
This is the Requirement Policy you have to learn:
Software Requirements Policy (SRP)
Version 1.0

1. Format
1.1 Structure Description

1.1.1 Document Structure
1. Requirements are to be structured using XML files.
2. An XML file must either contain only High Level Requirements or only Low Level Requirements.
3. All documents must start with the <Requirements> tag.
4. The <Requirements> tag must have two attributes:
   a. “version”: the file's version
   b. “hierarchy”: specifies if the file contains only High Level Requirements (“HLR”) or only Low Level Requirements (“LLR”)

1.1.2 Requirement Structure
5. Below the <Requirements> tag, every requirement must be stored inside its own <Requirement> tag.
   a. The <Requirement> tag must contain “type”, denoting whether it is Functional Requirement (“FR”) or Non-Functional Requirement (“NFR”)

6. Each <Requirement> must contain the following child tags:
   a. <ID>: unique identifier for the requirement
   b. <Name>: name of the requirement
   c. <Content>: description of the requirement
   d. <Relationships>: contains relationships to other requirements

1.1.3 HLR Relationships
7. When defining a High Level Requirement, the <Relationships> tag can contain zero or more of the following:
   a. <DependsOn>: each containing the ID of a High-Level Requirement that this requirement depends on.

1.1.4 LLR Relationships
8. When defining a Low Level Requirement, the <Relationships> tag can contain zero or more of the following:
   a. <DependsOn>: each containing the ID of a Low-Level Requirement that this requirement depends on.
   b. <Refines>: each containing the ID of a High-Level Requirement this requirement refines.

1.2 Structure Template

1.2.1 High-Level Requirements
<Requirements version="{version}" hierarchy="HLR">
   <Requirement ID="{Requirement ID}">
       <Type>{Requirement Type}</Type>
       <Name>{Requirement Name}</Name>
       <Relationships>
           <DependsOn>{HLR this one depends on}</DependsOn>
       </Relationships>
       <Content>
           {Requirement Content}
       </Content>
   </Requirement>
   <!-- Repeat for each High Level Requirement -->
</Requirements>

1.2.2 Low-Level Requirements
<Requirements version="{version}" hierarchy="LLR">
   <Requirement ID="{Requirement ID}">
       <Type>{Requirement Type}</Type>
       <Name>{Requirement Name}</Name>
       <Relationships>
           <Refines>{HLR this one refines}</Refines>
           <DependsOn>{LLR this one depends on}</DependsOn>
       </Relationships>
       <Content>
           {Requirement Content}
       </Content>
   </Requirement>
   <!-- Repeat for each Low Level Requirement -->
</Requirements>

2. Traceability
2.1 Relationships

2.1.1 Refines
1. The Refines property is only applicable for Low-level requirements.
2. Only High-level requirements can be the target of the Refines relationship.
3. The Low-level requirement must not contradict the High-level requirements it refines.
4. Every part of any High-level requirement must be refined into a Low-level requirement.
5. Any part of any Low-level requirement must be traceable to a refined High-level requirement.

2.1.2 Depends On
1. The Depends On property is applicable for Low and High Level Requirements.
2. It describes a dependency between two requirements on the same or different layers
3. A requirements that refines another, cant point to it with the depends on property

3. Content
3.1 Hierarchy

3.1.1 High-Level Requirements
1. High-level requirements should be relatively broad in scope.
2. High-level requirements should describe the system capabilities.
3. High-level requirements must be testable.
4. High-level requirements must be implementable.
5. High-level requirements must be refined by at least one Low-level requirement.

3.1.2 Low-Level Requirements
6. Low-level requirements must always refine at least one High-level requirement, and can refine multiple if needed.
7. Low-level requirements should describe a specific system function.
8. Low-level requirements must be testable.
9. Low-level requirements must be implementable.

3.2 Identification
1. The content of the <ID> tag must conform to the pattern:
   “{level}-{category}-{section}.{item}”
   a. {level}: HL or LL
   b. {category}: category code (e.g., UI)
   c. {section}: major part of category
   d. {item}: sub-item (0 describes category)

2. The content of the <Name> tag must be a short description of the requirement.

3.3 Type
Type is noted in the type attribute of each requirement
3.3.1 Functional Requirements
Describe concrete functions of the system.
In the type attribute it is noted as "FR"

3.3.2 Non-Functional Requirements
Describe restrictions placed on the system.
In the type attribute it is noted as "NFR"

3.4 Wording
1. Requirements must be expressed in plain English using "shall".
2. Requirements must be understandable on their own.
3. Requirements must be unambiguous.
 


[2026-05-08--18:03:01]Agent: check
[2026-05-08--18:03:05]User: You will be supplied with the Requirements Policy for the company you work for, it is integral that you follow them when writing your Low Level Requirements.
Afterwards you will be supplied with High Level Requirements, that you have to refine use your entire knowledgebase to do this, while keeping with the requirement policy
Whenever an output is requested answer only with the output, otherwise answer only with "check", whenever you understand your task, and with "help", following with you problem whenever a problem occurs.
This is the Requirement Policy you have to learn:
Software Requirements Policy (SRP)
Version 1.0

1. Format
1.1 Structure Description

1.1.1 Document Structure
1. Requirements are to be structured using XML files.
2. An XML file must either contain only High Level Requirements or only Low Level Requirements.
3. All documents must start with the <Requirements> tag.
4. The <Requirements> tag must have two attributes:
   a. “version”: the file's version
   b. “hierarchy”: specifies if the file contains only High Level Requirements (“HLR”) or only Low Level Requirements (“LLR”)

1.1.2 Requirement Structure
5. Below the <Requirements> tag, every requirement must be stored inside its own <Requirement> tag.
   a. The <Requirement> tag must contain “type”, denoting whether it is Functional Requirement (“FR”) or Non-Functional Requirement (“NFR”)

6. Each <Requirement> must contain the following child tags:
   a. <ID>: unique identifier for the requirement
   b. <Name>: name of the requirement
   c. <Content>: description of the requirement
   d. <Relationships>: contains relationships to other requirements

1.1.3 HLR Relationships
7. When defining a High Level Requirement, the <Relationships> tag can contain zero or more of the following:
   a. <DependsOn>: each containing the ID of a High-Level Requirement that this requirement depends on.

1.1.4 LLR Relationships
8. When defining a Low Level Requirement, the <Relationships> tag can contain zero or more of the following:
   a. <DependsOn>: each containing the ID of a Low-Level Requirement that this requirement depends on.
   b. <Refines>: each containing the ID of a High-Level Requirement this requirement refines.

1.2 Structure Template

1.2.1 High-Level Requirements
<Requirements version="{version}" hierarchy="HLR">
   <Requirement ID="{Requirement ID}">
       <Type>{Requirement Type}</Type>
       <Name>{Requirement Name}</Name>
       <Relationships>
           <DependsOn>{HLR this one depends on}</DependsOn>
       </Relationships>
       <Content>
           {Requirement Content}
       </Content>
   </Requirement>
   <!-- Repeat for each High Level Requirement -->
</Requirements>

1.2.2 Low-Level Requirements
<Requirements version="{version}" hierarchy="LLR">
   <Requirement ID="{Requirement ID}">
       <Type>{Requirement Type}</Type>
       <Name>{Requirement Name}</Name>
       <Relationships>
           <Refines>{HLR this one refines}</Refines>
           <DependsOn>{LLR this one depends on}</DependsOn>
       </Relationships>
       <Content>
           {Requirement Content}
       </Content>
   </Requirement>
   <!-- Repeat for each Low Level Requirement -->
</Requirements>

2. Traceability
2.1 Relationships

2.1.1 Refines
1. The Refines property is only applicable for Low-level requirements.
2. Only High-level requirements can be the target of the Refines relationship.
3. The Low-level requirement must not contradict the High-level requirements it refines.
4. Every part of any High-level requirement must be refined into a Low-level requirement.
5. Any part of any Low-level requirement must be traceable to a refined High-level requirement.

2.1.2 Depends On
1. The Depends On property is applicable for Low and High Level Requirements.
2. It describes a dependency between two requirements on the same or different layers
3. A requirements that refines another, cant point to it with the depends on property

3. Content
3.1 Hierarchy

3.1.1 High-Level Requirements
1. High-level requirements should be relatively broad in scope.
2. High-level requirements should describe the system capabilities.
3. High-level requirements must be testable.
4. High-level requirements must be implementable.
5. High-level requirements must be refined by at least one Low-level requirement.

3.1.2 Low-Level Requirements
6. Low-level requirements must always refine at least one High-level requirement, and can refine multiple if needed.
7. Low-level requirements should describe a specific system function.
8. Low-level requirements must be testable.
9. Low-level requirements must be implementable.

3.2 Identification
1. The content of the <ID> tag must conform to the pattern:
   “{level}-{category}-{section}.{item}”
   a. {level}: HL or LL
   b. {category}: category code (e.g., UI)
   c. {section}: major part of category
   d. {item}: sub-item (0 describes category)

2. The content of the <Name> tag must be a short description of the requirement.

3.3 Type
Type is noted in the type attribute of each requirement
3.3.1 Functional Requirements
Describe concrete functions of the system.
In the type attribute it is noted as "FR"

3.3.2 Non-Functional Requirements
Describe restrictions placed on the system.
In the type attribute it is noted as "NFR"

3.4 Wording
1. Requirements must be expressed in plain English using "shall".
2. Requirements must be understandable on their own.
3. Requirements must be unambiguous.
 


[2026-05-08--18:03:08]Agent: check
[2026-05-08--18:03:12]User: Here are the High Level Requirements you have to refine, answer with the refined requirements as plain XML as defined in the Requirements Policy

<?xml version="1.0" ?>
<Requirements version="1" hierarchy="HLR">
  <Requirement ID="HL-EXPL-1.1">
    <Type>NFR / FR</Type>
    <Name>Example</Name>
    <Content>Example Description</Content>
    <Relationships/>
  </Requirement>
  <Requirement ID="HL-EXPL-1.2">
    <Type>FR</Type>
    <Name>Explore Maze</Name>
    <Content>Robot shall autonomously explore an unknown maze</Content>
    <Relationships/>
  </Requirement>
  <Requirement ID="HL-EXPL-1.3">
    <Type>FR</Type>
    <Name>Wall Detection</Name>
    <Content>Robot shall detect and avoid walls</Content>
    <Relationships/>
  </Requirement>
  <Requirement ID="HL-MAP-2.1">
    <Type>FR</Type>
    <Name>Create Map</Name>
    <Content>Robot shall create an internal representation of the maze</Content>
    <Relationships/>
  </Requirement>
  <Requirement ID="HL-MAP-2.2">
    <Type>FR</Type>
    <Name>Cell Clasification</Name>
    <Content>Robot shall distinguish between free, blocked, and unknown areas</Content>
    <Relationships/>
  </Requirement>
  <Requirement ID="HL-MAP-2.3">
    <Type>NFR</Type>
    <Name>Time Constraint</Name>
    <Content>Robot shall complete mapping of the maze within 5 minutes</Content>
    <Relationships/>
  </Requirement>
  <Requirement ID="HL-PLAN-3.1">
    <Type>FR</Type>
    <Name>Path Planning</Name>
    <Content>Robot shall compute an optimal path to the target</Content>
    <Relationships/>
  </Requirement>
  <Requirement ID="HL-RUN-4.1">
    <Type>FR</Type>
    <Name>Return to Start</Name>
    <Content>Robot shall return to start after the exploration is done</Content>
    <Relationships/>
  </Requirement>
  <Requirement ID="HL-RUN-4.2">
    <Type>FR</Type>
    <Name>Second Run</Name>
    <Content>Robot shall perform a second run after exploration</Content>
    <Relationships/>
  </Requirement>
  <Requirement ID="HL-RUN-4.3">
    <Type>FR</Type>
    <Name>Efficient Path Execution</Name>
    <Content>Second run shall follow the most efficient path to the target</Content>
    <Relationships/>
  </Requirement>
  <Requirement ID="HL-RELIAB-5.1">
    <Type>NFR</Type>
    <Name>Collision Avoidance</Name>
    <Content>The robot shall not collide with walls</Content>
    <Relationships/>
  </Requirement>
  <Requirement ID="HL-RELIAB-5.2">
    <Type>NFR</Type>
    <Name>Fault Tolerance</Name>
    <Content>The robot shall be able to handle faulty sensor data</Content>
    <Relationships/>
  </Requirement>
  <Requirement ID="HL-INTERF-6.1">
    <Type>FR</Type>
    <Name>Sensor Processing</Name>
    <Content>The system shall be able to process sensor data defined in the sensor data interface description</Content>
    <Relationships/>
  </Requirement>
  <Requirement ID="HL-INTERF-6.2">
    <Type>FR</Type>
    <Name>Actuator Control</Name>
    <Content>The system shall be able to send control commands to actuators with commands specified in motor interface description</Content>
    <Relationships/>
  </Requirement>
</Requirements>



[2026-05-08--18:03:34]Agent: <Findings version="1.0" source="HLR" source_version="1">
  <Finding ID="HLR--1--1">
    <ItemID>HL-EXPL-1.1</ItemID>
    <Severity>Minor</Severity>
    <Description>High Level Requirement HL-EXPL-1.1 has an invalid Type value. It currently contains 'NFR / FR' which is not a valid single type. The Type must be either 'FR' or 'NFR'.</Description>
    <Solution>Update HL-EXPL-1.1's Type element to a single valid value ('FR' or 'NFR') that matches the intended nature of the requirement. Also ensure the requirement is properly defined and refined by at least one Low-Level Requirement after correction.</Solution>
  </Finding>
</Findings>
[2026-05-08--18:03:34]User: You will be supplied with the Requirements Policy for the company you work for, it is integral that you follow them when writing your Low Level Requirements.
Afterwards you will be supplied with High Level Requirements, that you have to refine use your entire knowledgebase to do this, while keeping with the requirement policy
Whenever an output is requested answer only with the output, otherwise answer only with "check", whenever you understand your task, and with "help", following with you problem whenever a problem occurs.
This is the Requirement Policy you have to learn:
Software Requirements Policy (SRP)
Version 1.0

1. Format
1.1 Structure Description

1.1.1 Document Structure
1. Requirements are to be structured using XML files.
2. An XML file must either contain only High Level Requirements or only Low Level Requirements.
3. All documents must start with the <Requirements> tag.
4. The <Requirements> tag must have two attributes:
   a. “version”: the file's version
   b. “hierarchy”: specifies if the file contains only High Level Requirements (“HLR”) or only Low Level Requirements (“LLR”)

1.1.2 Requirement Structure
5. Below the <Requirements> tag, every requirement must be stored inside its own <Requirement> tag.
   a. The <Requirement> tag must contain “type”, denoting whether it is Functional Requirement (“FR”) or Non-Functional Requirement (“NFR”)

6. Each <Requirement> must contain the following child tags:
   a. <ID>: unique identifier for the requirement
   b. <Name>: name of the requirement
   c. <Content>: description of the requirement
   d. <Relationships>: contains relationships to other requirements

1.1.3 HLR Relationships
7. When defining a High Level Requirement, the <Relationships> tag can contain zero or more of the following:
   a. <DependsOn>: each containing the ID of a High-Level Requirement that this requirement depends on.

1.1.4 LLR Relationships
8. When defining a Low Level Requirement, the <Relationships> tag can contain zero or more of the following:
   a. <DependsOn>: each containing the ID of a Low-Level Requirement that this requirement depends on.
   b. <Refines>: each containing the ID of a High-Level Requirement this requirement refines.

1.2 Structure Template

1.2.1 High-Level Requirements
<Requirements version="{version}" hierarchy="HLR">
   <Requirement ID="{Requirement ID}">
       <Type>{Requirement Type}</Type>
       <Name>{Requirement Name}</Name>
       <Relationships>
           <DependsOn>{HLR this one depends on}</DependsOn>
       </Relationships>
       <Content>
           {Requirement Content}
       </Content>
   </Requirement>
   <!-- Repeat for each High Level Requirement -->
</Requirements>

1.2.2 Low-Level Requirements
<Requirements version="{version}" hierarchy="LLR">
   <Requirement ID="{Requirement ID}">
       <Type>{Requirement Type}</Type>
       <Name>{Requirement Name}</Name>
       <Relationships>
           <Refines>{HLR this one refines}</Refines>
           <DependsOn>{LLR this one depends on}</DependsOn>
       </Relationships>
       <Content>
           {Requirement Content}
       </Content>
   </Requirement>
   <!-- Repeat for each Low Level Requirement -->
</Requirements>

2. Traceability
2.1 Relationships

2.1.1 Refines
1. The Refines property is only applicable for Low-level requirements.
2. Only High-level requirements can be the target of the Refines relationship.
3. The Low-level requirement must not contradict the High-level requirements it refines.
4. Every part of any High-level requirement must be refined into a Low-level requirement.
5. Any part of any Low-level requirement must be traceable to a refined High-level requirement.

2.1.2 Depends On
1. The Depends On property is applicable for Low and High Level Requirements.
2. It describes a dependency between two requirements on the same or different layers
3. A requirements that refines another, cant point to it with the depends on property

3. Content
3.1 Hierarchy

3.1.1 High-Level Requirements
1. High-level requirements should be relatively broad in scope.
2. High-level requirements should describe the system capabilities.
3. High-level requirements must be testable.
4. High-level requirements must be implementable.
5. High-level requirements must be refined by at least one Low-level requirement.

3.1.2 Low-Level Requirements
6. Low-level requirements must always refine at least one High-level requirement, and can refine multiple if needed.
7. Low-level requirements should describe a specific system function.
8. Low-level requirements must be testable.
9. Low-level requirements must be implementable.

3.2 Identification
1. The content of the <ID> tag must conform to the pattern:
   “{level}-{category}-{section}.{item}”
   a. {level}: HL or LL
   b. {category}: category code (e.g., UI)
   c. {section}: major part of category
   d. {item}: sub-item (0 describes category)

2. The content of the <Name> tag must be a short description of the requirement.

3.3 Type
Type is noted in the type attribute of each requirement
3.3.1 Functional Requirements
Describe concrete functions of the system.
In the type attribute it is noted as "FR"

3.3.2 Non-Functional Requirements
Describe restrictions placed on the system.
In the type attribute it is noted as "NFR"

3.4 Wording
1. Requirements must be expressed in plain English using "shall".
2. Requirements must be understandable on their own.
3. Requirements must be unambiguous.
 


