Log of Software Engineer
[2026-05-08--18:20:01]User: You will be supplied with the Requirements Policy for the company you work for, it is integral that you follow them when writing your Low Level Requirements.
Afterwards you will be supplied with High Level Requirements, that you have to refine use your entire knowledgebase to do this, while keeping with the requirement policy
Whenever an output is requested answer only with the output, otherwise answer only with "check", whenever you understand your task, and with "help", following with you problem whenever a problem occurs.
This is the Requirement Policy you have to learn:
Software Requirements Policy (SRP)
Version 1.0

1. Format
1.1 Structure Description

1.1.1 Document Structure
1. Requirements are to be structured using XML files.
2. An XML file must either contain only High Level Requirements or only Low Level Requirements.
3. All documents must start with the <Requirements> tag.
4. The <Requirements> tag must have two attributes:
   a. “version”: the file's version
   b. “hierarchy”: specifies if the file contains only High Level Requirements (“HLR”) or only Low Level Requirements (“LLR”)

1.1.2 Requirement Structure
5. Below the <Requirements> tag, every requirement must be stored inside its own <Requirement> tag.
   a. The <Requirement> tag must contain “type”, denoting whether it is Functional Requirement (“FR”) or Non-Functional Requirement (“NFR”)

6. Each <Requirement> must contain the following child tags:
   a. <ID>: unique identifier for the requirement
   b. <Name>: name of the requirement
   c. <Content>: description of the requirement
   d. <Relationships>: contains relationships to other requirements

1.1.3 HLR Relationships
7. When defining a High Level Requirement, the <Relationships> tag can contain zero or more of the following:
   a. <DependsOn>: each containing the ID of a High-Level Requirement that this requirement depends on.

1.1.4 LLR Relationships
8. When defining a Low Level Requirement, the <Relationships> tag can contain zero or more of the following:
   a. <DependsOn>: each containing the ID of a Low-Level Requirement that this requirement depends on.
   b. <Refines>: each containing the ID of a High-Level Requirement this requirement refines.

1.2 Structure Template

1.2.1 High-Level Requirements
<Requirements version="{version}" hierarchy="HLR">
   <Requirement ID="{Requirement ID}">
       <Type>{Requirement Type}</Type>
       <Name>{Requirement Name}</Name>
       <Relationships>
           <DependsOn>{HLR this one depends on}</DependsOn>
       </Relationships>
       <Content>
           {Requirement Content}
       </Content>
   </Requirement>
   <!-- Repeat for each High Level Requirement -->
</Requirements>

1.2.2 Low-Level Requirements
<Requirements version="{version}" hierarchy="LLR">
   <Requirement ID="{Requirement ID}">
       <Type>{Requirement Type}</Type>
       <Name>{Requirement Name}</Name>
       <Relationships>
           <Refines>{HLR this one refines}</Refines>
           <DependsOn>{LLR this one depends on}</DependsOn>
       </Relationships>
       <Content>
           {Requirement Content}
       </Content>
   </Requirement>
   <!-- Repeat for each Low Level Requirement -->
</Requirements>

2. Traceability
2.1 Relationships

2.1.1 Refines
1. The Refines property is only applicable for Low-level requirements.
2. Only High-level requirements can be the target of the Refines relationship.
3. The Low-level requirement must not contradict the High-level requirements it refines.
4. Every part of any High-level requirement must be refined into a Low-level requirement.
5. Any part of any Low-level requirement must be traceable to a refined High-level requirement.

2.1.2 Depends On
1. The Depends On property is applicable for Low and High Level Requirements.
2. It describes a dependency between two requirements on the same or different layers
3. A requirements that refines another, cant point to it with the depends on property

3. Content
3.1 Hierarchy

3.1.1 High-Level Requirements
1. High-level requirements should be relatively broad in scope.
2. High-level requirements should describe the system capabilities.
3. High-level requirements must be testable.
4. High-level requirements must be implementable.
5. High-level requirements must be refined by at least one Low-level requirement.

3.1.2 Low-Level Requirements
6. Low-level requirements must always refine at least one High-level requirement, and can refine multiple if needed.
7. Low-level requirements should describe a specific system function.
8. Low-level requirements must be testable.
9. Low-level requirements must be implementable.

3.2 Identification
1. The content of the <ID> tag must conform to the pattern:
   “{level}-{category}-{section}.{item}”
   a. {level}: HL or LL
   b. {category}: category code (e.g., UI)
   c. {section}: major part of category
   d. {item}: sub-item (0 describes category)

2. The content of the <Name> tag must be a short description of the requirement.

3.3 Type
Type is noted in the type attribute of each requirement
3.3.1 Functional Requirements
Describe concrete functions of the system.
In the type attribute it is noted as "FR"

3.3.2 Non-Functional Requirements
Describe restrictions placed on the system.
In the type attribute it is noted as "NFR"

3.4 Wording
1. Requirements must be expressed in plain English using "shall".
2. Requirements must be understandable on their own.
3. Requirements must be unambiguous.
 


[2026-05-08--18:20:08]Agent: check
[2026-05-08--18:20:09]User: You will be supplied with the Requirements Policy for the company you work for, it is integral that you follow them when writing your Low Level Requirements.
Afterwards you will be supplied with High Level Requirements, that you have to refine use your entire knowledgebase to do this, while keeping with the requirement policy
Whenever an output is requested answer only with the output, otherwise answer only with "check", whenever you understand your task, and with "help", following with you problem whenever a problem occurs.
This is the Requirement Policy you have to learn:
Software Requirements Policy (SRP)
Version 1.0

1. Format
1.1 Structure Description

1.1.1 Document Structure
1. Requirements are to be structured using XML files.
2. An XML file must either contain only High Level Requirements or only Low Level Requirements.
3. All documents must start with the <Requirements> tag.
4. The <Requirements> tag must have two attributes:
   a. “version”: the file's version
   b. “hierarchy”: specifies if the file contains only High Level Requirements (“HLR”) or only Low Level Requirements (“LLR”)

1.1.2 Requirement Structure
5. Below the <Requirements> tag, every requirement must be stored inside its own <Requirement> tag.
   a. The <Requirement> tag must contain “type”, denoting whether it is Functional Requirement (“FR”) or Non-Functional Requirement (“NFR”)

6. Each <Requirement> must contain the following child tags:
   a. <ID>: unique identifier for the requirement
   b. <Name>: name of the requirement
   c. <Content>: description of the requirement
   d. <Relationships>: contains relationships to other requirements

1.1.3 HLR Relationships
7. When defining a High Level Requirement, the <Relationships> tag can contain zero or more of the following:
   a. <DependsOn>: each containing the ID of a High-Level Requirement that this requirement depends on.

1.1.4 LLR Relationships
8. When defining a Low Level Requirement, the <Relationships> tag can contain zero or more of the following:
   a. <DependsOn>: each containing the ID of a Low-Level Requirement that this requirement depends on.
   b. <Refines>: each containing the ID of a High-Level Requirement this requirement refines.

1.2 Structure Template

1.2.1 High-Level Requirements
<Requirements version="{version}" hierarchy="HLR">
   <Requirement ID="{Requirement ID}">
       <Type>{Requirement Type}</Type>
       <Name>{Requirement Name}</Name>
       <Relationships>
           <DependsOn>{HLR this one depends on}</DependsOn>
       </Relationships>
       <Content>
           {Requirement Content}
       </Content>
   </Requirement>
   <!-- Repeat for each High Level Requirement -->
</Requirements>

1.2.2 Low-Level Requirements
<Requirements version="{version}" hierarchy="LLR">
   <Requirement ID="{Requirement ID}">
       <Type>{Requirement Type}</Type>
       <Name>{Requirement Name}</Name>
       <Relationships>
           <Refines>{HLR this one refines}</Refines>
           <DependsOn>{LLR this one depends on}</DependsOn>
       </Relationships>
       <Content>
           {Requirement Content}
       </Content>
   </Requirement>
   <!-- Repeat for each Low Level Requirement -->
</Requirements>

2. Traceability
2.1 Relationships

2.1.1 Refines
1. The Refines property is only applicable for Low-level requirements.
2. Only High-level requirements can be the target of the Refines relationship.
3. The Low-level requirement must not contradict the High-level requirements it refines.
4. Every part of any High-level requirement must be refined into a Low-level requirement.
5. Any part of any Low-level requirement must be traceable to a refined High-level requirement.

2.1.2 Depends On
1. The Depends On property is applicable for Low and High Level Requirements.
2. It describes a dependency between two requirements on the same or different layers
3. A requirements that refines another, cant point to it with the depends on property

3. Content
3.1 Hierarchy

3.1.1 High-Level Requirements
1. High-level requirements should be relatively broad in scope.
2. High-level requirements should describe the system capabilities.
3. High-level requirements must be testable.
4. High-level requirements must be implementable.
5. High-level requirements must be refined by at least one Low-level requirement.

3.1.2 Low-Level Requirements
6. Low-level requirements must always refine at least one High-level requirement, and can refine multiple if needed.
7. Low-level requirements should describe a specific system function.
8. Low-level requirements must be testable.
9. Low-level requirements must be implementable.

3.2 Identification
1. The content of the <ID> tag must conform to the pattern:
   “{level}-{category}-{section}.{item}”
   a. {level}: HL or LL
   b. {category}: category code (e.g., UI)
   c. {section}: major part of category
   d. {item}: sub-item (0 describes category)

2. The content of the <Name> tag must be a short description of the requirement.

3.3 Type
Type is noted in the type attribute of each requirement
3.3.1 Functional Requirements
Describe concrete functions of the system.
In the type attribute it is noted as "FR"

3.3.2 Non-Functional Requirements
Describe restrictions placed on the system.
In the type attribute it is noted as "NFR"

3.4 Wording
1. Requirements must be expressed in plain English using "shall".
2. Requirements must be understandable on their own.
3. Requirements must be unambiguous.
 


[2026-05-08--18:20:13]Agent: check
[2026-05-08--18:20:13]User: Here are the High Level Requirements you have to refine, answer with the refined requirements as plain XML as defined in the Requirements Policy

<?xml version="1.0" ?>
<Requirements version="1" hierarchy="HLR">
  <Requirement ID="HL-EXPL-1.1">
    <Type>NFR / FR</Type>
    <Name>Example</Name>
    <Content>Example Description</Content>
    <Relationships/>
  </Requirement>
  <Requirement ID="HL-EXPL-1.2">
    <Type>FR</Type>
    <Name>Explore Maze</Name>
    <Content>Robot shall autonomously explore an unknown maze</Content>
    <Relationships/>
  </Requirement>
  <Requirement ID="HL-EXPL-1.3">
    <Type>FR</Type>
    <Name>Wall Detection</Name>
    <Content>Robot shall detect and avoid walls</Content>
    <Relationships/>
  </Requirement>
  <Requirement ID="HL-MAP-2.1">
    <Type>FR</Type>
    <Name>Create Map</Name>
    <Content>Robot shall create an internal representation of the maze</Content>
    <Relationships/>
  </Requirement>
  <Requirement ID="HL-MAP-2.2">
    <Type>FR</Type>
    <Name>Cell Clasification</Name>
    <Content>Robot shall distinguish between free, blocked, and unknown areas</Content>
    <Relationships/>
  </Requirement>
  <Requirement ID="HL-MAP-2.3">
    <Type>NFR</Type>
    <Name>Time Constraint</Name>
    <Content>Robot shall complete mapping of the maze within 5 minutes</Content>
    <Relationships/>
  </Requirement>
  <Requirement ID="HL-PLAN-3.1">
    <Type>FR</Type>
    <Name>Path Planning</Name>
    <Content>Robot shall compute an optimal path to the target</Content>
    <Relationships/>
  </Requirement>
  <Requirement ID="HL-RUN-4.1">
    <Type>FR</Type>
    <Name>Return to Start</Name>
    <Content>Robot shall return to start after the exploration is done</Content>
    <Relationships/>
  </Requirement>
  <Requirement ID="HL-RUN-4.2">
    <Type>FR</Type>
    <Name>Second Run</Name>
    <Content>Robot shall perform a second run after exploration</Content>
    <Relationships/>
  </Requirement>
  <Requirement ID="HL-RUN-4.3">
    <Type>FR</Type>
    <Name>Efficient Path Execution</Name>
    <Content>Second run shall follow the most efficient path to the target</Content>
    <Relationships/>
  </Requirement>
  <Requirement ID="HL-RELIAB-5.1">
    <Type>NFR</Type>
    <Name>Collision Avoidance</Name>
    <Content>The robot shall not collide with walls</Content>
    <Relationships/>
  </Requirement>
  <Requirement ID="HL-RELIAB-5.2">
    <Type>NFR</Type>
    <Name>Fault Tolerance</Name>
    <Content>The robot shall be able to handle faulty sensor data</Content>
    <Relationships/>
  </Requirement>
  <Requirement ID="HL-INTERF-6.1">
    <Type>FR</Type>
    <Name>Sensor Processing</Name>
    <Content>The system shall be able to process sensor data defined in the sensor data interface description</Content>
    <Relationships/>
  </Requirement>
  <Requirement ID="HL-INTERF-6.2">
    <Type>FR</Type>
    <Name>Actuator Control</Name>
    <Content>The system shall be able to send control commands to actuators with commands specified in motor interface description</Content>
    <Relationships/>
  </Requirement>
</Requirements>



[2026-05-08--18:21:26]Agent: <Requirements version="1" hierarchy="LLR">
  <Requirement ID="LL-EXPL-1.1" type="FR">
    <ID>LL-EXPL-1.1</ID>
    <Name>Example Refinement Placeholder</Name>
    <Relationships>
      <Refines>HL-EXPL-1.1</Refines>
    </Relationships>
    <Content>The system shall provide a concrete example refinement for the high-level Example requirement to illustrate how refinement is done. This shall describe a minimal, demonstrable exploration capability that can be validated during tests.</Content>
  </Requirement>
  <Requirement ID="LL-EXPL-1.2" type="FR">
    <ID>LL-EXPL-1.2</ID>
    <Name>Autonomous Maze Exploration</Name>
    <Relationships>
      <Refines>HL-EXPL-1.2</Refines>
    </Relationships>
    <Content>The robot shall autonomously explore an unknown maze using a frontier-based exploration strategy, maintain a local occupancy map, and update its pose using odometry and SLAM when feasible.</Content>
  </Requirement>
  <Requirement ID="LL-EXPL-1.3" type="FR">
    <ID>LL-EXPL-1.3</ID>
    <Name>Wall Detection and Obstacle Mapping</Name>
    <Relationships>
      <Refines>HL-EXPL-1.3</Refines>
    </Relationships>
    <Content>The robot shall detect walls using onboard sensors (e.g., LiDAR or sonar) with a detection range up to 2 meters, classify detected surfaces as obstacles, and update the obstacle map at a rate of at least 10 Hz.</Content>
  </Requirement>
  <Requirement ID="LL-MAP-2.1" type="FR">
    <ID>LL-MAP-2.1</ID>
    <Name>Internal Map Structure</Name>
    <Relationships>
      <Refines>HL-MAP-2.1</Refines>
    </Relationships>
    <Content>The system shall maintain an internal occupancy grid map with 5 cm cell resolution, centered on the robot's current position, and support incremental updates from sensor data.</Content>
  </Requirement>
  <Requirement ID="LL-MAP-2.2" type="FR">
    <ID>LL-MAP-2.2</ID>
    <Name>Cell Classification Rules</Name>
    <Relationships>
      <Refines>HL-MAP-2.2</Refines>
    </Relationships>
    <Content>Cells in the occupancy grid shall be classified as Free, Occupied, or Unknown based on occupancy probabilities with thresholds: Free < 0.2, Occupied > 0.65, Unknown in between; classifications shall update as sensor data is fused.</Content>
  </Requirement>
  <Requirement ID="LL-MAP-2.3" type="NFR">
    <ID>LL-MAP-2.3</ID>
    <Name>Mapping Time Constraint Refinement</Name>
    <Relationships>
      <Refines>HL-MAP-2.3</Refines>
    </Relationships>
    <Content>Mapping shall progress to provide a usable partial map within 5 minutes under typical conditions. If full mapping is not feasible within 5 minutes, the system shall provide partial map status and continue mapping in the background, with progress indicators available to the operator.</Content>
  </Requirement>
  <Requirement ID="LL-PLAN-3.1" type="FR">
    <ID>LL-PLAN-3.1</ID>
    <Name>Path Planning Algorithm</Name>
    <Relationships>
      <Refines>HL-PLAN-3.1</Refines>
    </Relationships>
    <Content>The planner shall compute a path from the current position to the target using an admissible algorithm (e.g., A*) on the internal map, returning a sequence of waypoints. Planning shall complete within 100 ms per planning instance, assuming a static map snapshot.</Content>
  </Requirement>
  <Requirement ID="LL-RUN-4.1" type="FR">
    <ID>LL-RUN-4.1</ID>
    <Name>Return to Start Navigation</Name>
    <Relationships>
      <Refines>HL-RUN-4.1</Refines>
    </Relationships>
    <Content>The robot shall navigate back to the designated start position after exploration using the latest available map and path plan, re-planning if obstacles are encountered, and ensuring obstacle avoidance throughout the path.</Content>
  </Requirement>
  <Requirement ID="LL-RUN-4.2" type="FR">
    <ID>LL-RUN-4.2</ID>
    <Name>Second Exploration Run</Name>
    <Relationships>
      <Refines>HL-RUN-4.2</Refines>
    </Relationships>
    <Content>The robot shall perform a second exploration run after the first, reusing the map where possible and adjusting the path to improve coverage efficiency and reduce redundant traversal.</Content>
  </Requirement>
  <Requirement ID="LL-RUN-4.3" type="FR">
    <ID>LL-RUN-4.3</ID>
    <Name>Efficient Path Execution</Name>
    <Relationships>
      <Refines>HL-RUN-4.3</Refines>
    </Relationships>
    <Content>The second run shall follow the most efficient path to the target as determined by the planner, with minimal backtracking, and shall adapt the path if real-time obstacle information indicates a better route.</Content>
  </Requirement>
  <Requirement ID="LL-RELIAB-5.1" type="NFR">
    <ID>LL-RELIAB-5.1</ID>
    <Name>Collision Avoidance Robustness</Name>
    <Relationships>
      <Refines>HL-RELIAB-5.1</Refines>
    </Relationships>
    <Content>The system shall prevent collisions with walls and obstacles by maintaining a safe stopping distance, applying emergency braking as needed, and signaling a fault if a collision risk cannot be mitigated in time.</Content>
  </Requirement>
  <Requirement ID="LL-RELIAB-5.2" type="NFR">
    <ID>LL-RELIAB-5.2</ID>
    <Name>Fault Tolerance and Degradation</Name>
    <Relationships>
      <Refines>HL-RELIAB-5.2</Refines>
    </Relationships>
    <Content>The system shall detect sensor or actuator faults, switch to redundant or fallback components if available, validate inputs from degraded sensors, and degrade gracefully without complete system failure.</Content>
  </Requirement>
  <Requirement ID="LL-INTERF-6.1" type="FR">
    <ID>LL-INTERF-6.1</ID>
    <Name>Sensor Data Processing</Name>
    <Relationships>
      <Refines>HL-INTERF-6.1</Refines>
    </Relationships>
    <Content>The system shall process sensor data according to the sensor data interface description, perform filtering and normalization, and produce a timely, consistent measurement stream suitable for the map and planner components.</Content>
  </Requirement>
  <Requirement ID="LL-INTERF-6.2" type="FR">
    <ID>LL-INTERF-6.2</ID>
    <Name>Actuator Command Interface</Name>
    <Relationships>
      <Refines>HL-INTERF-6.2</Refines>
    </Relationships>
    <Content>The system shall send motor commands to actuators via the motor interface, await acknowledgement within a defined timeout, and validate command formats before dispatch to ensure safe actuator operation.</Content>
  </Requirement>
</Requirements>
[2026-05-08--18:24:00]User: Your previous requirements were corrected

Findings:

- Structural policy violation
  - The provided document contains two top-level XML Requirements sections (HLR and LLR) in a single file. Per SRP 1.1.1, a document must contain either only High-Level Requirements or only Low-Level Requirements.

- High-Level Requirements (HLR) issues
  - HL-EXPL-1.1 has an invalid type representation: <Type>NFR / FR</Type>. The policy requires a single type per requirement (FR or NFR) and, per SRP 1.1.2, the type should be specified (and in LLR the type is an attribute; HL should be consistent with the policy).
  - HL-EXPL-1.1 lacks the required <ID> child tag (the policy mandates each <Requirement> includes an <ID> element). The <Requirement> uses an ID as an attribute but does not include a separate <ID> tag inside.
  - HL-EXPL-1.1 content is a placeholder (“Example Description”) and not testable or actionable, contravening 3.1.1 (High-Level Requirements must be testable).
  - HL-MAP-2.2 contains a typographical error in the Name (“Cell Clasification”); while not strictly invalid, it impacts clarity and traceability.
  - The HL section is inconsistent in how type is represented (HL uses a <Type> element, whereas the policy requires a type attribute on <Requirement>), leading to structural ambiguity.
  - Other HL entries (e.g., HL-EXPL-1.2, HL-EXPL-1.3, HL-PLAN-3.1, HL-RUN-4.x, HL-RELIAB-5.x, HL-INTERF-6.x) appear generally compliant in wording and testability, though some could benefit from explicit <ID> tags and consistent typing.

- Low-Level Requirements (LLR) issues
  - The LLR section appears to follow the required <Requirement> with type attribute and includes <Relationships> containing <Refines> to HL requirements. This aligns with SRP 1.1.4 and 3.2–3.4 for LLR.
  - Some LLRs duplicate the identifier inside a nested <ID> tag while also using an ID attribute on the parent <Requirement>. This duplication is redundant but not strictly disallowed by the policy; it should be standardized for consistency.
  - All LLR contents use “shall” and are generally testable and implementable, satisfying 3.4 wording and 3.1.2 expectations.
  - Traceability appears correct: each LLR refines a corresponding HL requirement (via <Refines>), fulfilling 2.1.1 and 3.1.2 guidance.

- Traceability and refinement
  - LLRs properly refine HL requirements (e.g., LL-PLAN-3.1 refines HL-PLAN-3.1; LL-INTERF-6.1 refines HL-INTERF-6.1). This supports end-to-end traceability as required by 2.1.1/3.1.2.

- Overall consistency
  - The document’s mixed usage of HL and LLR in a single file breaks the required separation; also, HL formatting inconsistencies (Type vs. type attribute, missing <ID> child) create traceability and validation challenges.

Recommendations (to address findings)
- Split the document into two separate XML files:
  - One HL file (hierarchy="HLR") containing only High-Level Requirements.
  - One LLR file (hierarchy="LLR") containing only Low-Level Requirements.
- For the HL file:
  - Convert each <Requirement> to use a proper type attribute (type="FR" or type="NFR") as required by SRP 5, and ensure the presence of an inner <ID> element with a value matching the outer ID.
  - Ensure every HL requirement includes a <ID> element (per 1.1.2) and maintain consistent naming (no embedded or conflicting <Type> element; use the type attribute instead).
  - Remove placeholder/non-testable entries (e.g., replace HL-EXPL-1.1 “Example Description” with a substantive, testable requirement) or clearly mark as a placeholder to be refined.
  - Correct typographical issues (e.g., “Cell Clasification” -> “Cell Classification”).
- For the LLR file:
  - Maintain consistency by using either the inner <ID> tag or rely solely on the ID attribute, but ensure consistency throughout (prefer using the inner <ID> tag as required by 1.1.2; keep it synchronized with the attribute if chosen).
  - Verify that every LLR refines at least one HL requirement (which you have) and that there are zero contradictions between a refined HL and the LLR.
  - Ensure all LLR content remains testable/implementable and that timing/functional constraints are measurable (e.g., specify exact planning times, mapping rates, and thresholds as applicable).

If you want, I can generate the corrected HL and LLR XML blocks complying with the SRP structure. 

Incorporate them into your previous requirements and answer with your corrected requirements

This is the previous version of your requirements:
<Requirements version="1" hierarchy="LLR">
  <Requirement ID="LL-EXPL-1.1" type="FR">
    <ID>LL-EXPL-1.1</ID>
    <Name>Example Refinement Placeholder</Name>
    <Relationships>
      <Refines>HL-EXPL-1.1</Refines>
    </Relationships>
    <Content>The system shall provide a concrete example refinement for the high-level Example requirement to illustrate how refinement is done. This shall describe a minimal, demonstrable exploration capability that can be validated during tests.</Content>
  </Requirement>
  <Requirement ID="LL-EXPL-1.2" type="FR">
    <ID>LL-EXPL-1.2</ID>
    <Name>Autonomous Maze Exploration</Name>
    <Relationships>
      <Refines>HL-EXPL-1.2</Refines>
    </Relationships>
    <Content>The robot shall autonomously explore an unknown maze using a frontier-based exploration strategy, maintain a local occupancy map, and update its pose using odometry and SLAM when feasible.</Content>
  </Requirement>
  <Requirement ID="LL-EXPL-1.3" type="FR">
    <ID>LL-EXPL-1.3</ID>
    <Name>Wall Detection and Obstacle Mapping</Name>
    <Relationships>
      <Refines>HL-EXPL-1.3</Refines>
    </Relationships>
    <Content>The robot shall detect walls using onboard sensors (e.g., LiDAR or sonar) with a detection range up to 2 meters, classify detected surfaces as obstacles, and update the obstacle map at a rate of at least 10 Hz.</Content>
  </Requirement>
  <Requirement ID="LL-MAP-2.1" type="FR">
    <ID>LL-MAP-2.1</ID>
    <Name>Internal Map Structure</Name>
    <Relationships>
      <Refines>HL-MAP-2.1</Refines>
    </Relationships>
    <Content>The system shall maintain an internal occupancy grid map with 5 cm cell resolution, centered on the robot's current position, and support incremental updates from sensor data.</Content>
  </Requirement>
  <Requirement ID="LL-MAP-2.2" type="FR">
    <ID>LL-MAP-2.2</ID>
    <Name>Cell Classification Rules</Name>
    <Relationships>
      <Refines>HL-MAP-2.2</Refines>
    </Relationships>
    <Content>Cells in the occupancy grid shall be classified as Free, Occupied, or Unknown based on occupancy probabilities with thresholds: Free < 0.2, Occupied > 0.65, Unknown in between; classifications shall update as sensor data is fused.</Content>
  </Requirement>
  <Requirement ID="LL-MAP-2.3" type="NFR">
    <ID>LL-MAP-2.3</ID>
    <Name>Mapping Time Constraint Refinement</Name>
    <Relationships>
      <Refines>HL-MAP-2.3</Refines>
    </Relationships>
    <Content>Mapping shall progress to provide a usable partial map within 5 minutes under typical conditions. If full mapping is not feasible within 5 minutes, the system shall provide partial map status and continue mapping in the background, with progress indicators available to the operator.</Content>
  </Requirement>
  <Requirement ID="LL-PLAN-3.1" type="FR">
    <ID>LL-PLAN-3.1</ID>
    <Name>Path Planning Algorithm</Name>
    <Relationships>
      <Refines>HL-PLAN-3.1</Refines>
    </Relationships>
    <Content>The planner shall compute a path from the current position to the target using an admissible algorithm (e.g., A*) on the internal map, returning a sequence of waypoints. Planning shall complete within 100 ms per planning instance, assuming a static map snapshot.</Content>
  </Requirement>
  <Requirement ID="LL-RUN-4.1" type="FR">
    <ID>LL-RUN-4.1</ID>
    <Name>Return to Start Navigation</Name>
    <Relationships>
      <Refines>HL-RUN-4.1</Refines>
    </Relationships>
    <Content>The robot shall navigate back to the designated start position after exploration using the latest available map and path plan, re-planning if obstacles are encountered, and ensuring obstacle avoidance throughout the path.</Content>
  </Requirement>
  <Requirement ID="LL-RUN-4.2" type="FR">
    <ID>LL-RUN-4.2</ID>
    <Name>Second Exploration Run</Name>
    <Relationships>
      <Refines>HL-RUN-4.2</Refines>
    </Relationships>
    <Content>The robot shall perform a second exploration run after the first, reusing the map where possible and adjusting the path to improve coverage efficiency and reduce redundant traversal.</Content>
  </Requirement>
  <Requirement ID="LL-RUN-4.3" type="FR">
    <ID>LL-RUN-4.3</ID>
    <Name>Efficient Path Execution</Name>
    <Relationships>
      <Refines>HL-RUN-4.3</Refines>
    </Relationships>
    <Content>The second run shall follow the most efficient path to the target as determined by the planner, with minimal backtracking, and shall adapt the path if real-time obstacle information indicates a better route.</Content>
  </Requirement>
  <Requirement ID="LL-RELIAB-5.1" type="NFR">
    <ID>LL-RELIAB-5.1</ID>
    <Name>Collision Avoidance Robustness</Name>
    <Relationships>
      <Refines>HL-RELIAB-5.1</Refines>
    </Relationships>
    <Content>The system shall prevent collisions with walls and obstacles by maintaining a safe stopping distance, applying emergency braking as needed, and signaling a fault if a collision risk cannot be mitigated in time.</Content>
  </Requirement>
  <Requirement ID="LL-RELIAB-5.2" type="NFR">
    <ID>LL-RELIAB-5.2</ID>
    <Name>Fault Tolerance and Degradation</Name>
    <Relationships>
      <Refines>HL-RELIAB-5.2</Refines>
    </Relationships>
    <Content>The system shall detect sensor or actuator faults, switch to redundant or fallback components if available, validate inputs from degraded sensors, and degrade gracefully without complete system failure.</Content>
  </Requirement>
  <Requirement ID="LL-INTERF-6.1" type="FR">
    <ID>LL-INTERF-6.1</ID>
    <Name>Sensor Data Processing</Name>
    <Relationships>
      <Refines>HL-INTERF-6.1</Refines>
    </Relationships>
    <Content>The system shall process sensor data according to the sensor data interface description, perform filtering and normalization, and produce a timely, consistent measurement stream suitable for the map and planner components.</Content>
  </Requirement>
  <Requirement ID="LL-INTERF-6.2" type="FR">
    <ID>LL-INTERF-6.2</ID>
    <Name>Actuator Command Interface</Name>
    <Relationships>
      <Refines>HL-INTERF-6.2</Refines>
    </Relationships>
    <Content>The system shall send motor commands to actuators via the motor interface, await acknowledgement within a defined timeout, and validate command formats before dispatch to ensure safe actuator operation.</Content>
  </Requirement>
</Requirements>


