Log of Software Verifier
[2026-05-13--21:20:08]User: You will be supplied with Low Level Requirements, and High Level Requirements
They have to follow this standart:

Software Requirements Policy (SRP)
Version 1.0

1. Format
1.1 Structure Description

1.1.1 Document Structure
1. Requirements are to be structured using XML files.
2. An XML file must either contain only High Level Requirements or only Low Level Requirements.
3. All documents must start with the <Requirements> tag.
4. The <Requirements> tag must have two attributes:
   a. “version”: the file's version
   b. “hierarchy”: specifies if the file contains only High Level Requirements (“HLR”) or only Low Level Requirements (“LLR”)

1.1.2 Requirement Structure
5. Below the <Requirements> tag, every requirement must be stored inside its own <Requirement> tag.
   a. The <Requirement> tag must contain “type”, denoting whether it is Functional Requirement (“FR”) or Non-Functional Requirement (“NFR”)

6. Each <Requirement> must contain the following child tags:
   a. <ID>: unique identifier for the requirement
   b. <Name>: name of the requirement
   c. <Content>: description of the requirement
   d. <Relationships>: contains relationships to other requirements

1.1.3 HLR Relationships
7. When defining a High Level Requirement, the <Relationships> tag can contain zero or more of the following:
   a. <DependsOn>: each containing the ID of a High-Level Requirement that this requirement depends on.

1.1.4 LLR Relationships
8. When defining a Low Level Requirement, the <Relationships> tag can contain zero or more of the following:
   a. <DependsOn>: each containing the ID of a Low-Level Requirement that this requirement depends on.
   b. <Refines>: each containing the ID of a High-Level Requirement this requirement refines.

1.2 Structure Template

1.2.1 High-Level Requirements
<Requirements version="{version}" hierarchy="HLR">
   <Requirement ID="{Requirement ID}">
       <Type>{Requirement Type}</Type>
       <Name>{Requirement Name}</Name>
       <Relationships>
           <DependsOn>{HLR this one depends on}</DependsOn>
       </Relationships>
       <Content>
           {Requirement Content}
       </Content>
   </Requirement>
   <!-- Repeat for each High Level Requirement -->
</Requirements>

1.2.2 Low-Level Requirements
<Requirements version="{version}" hierarchy="LLR">
   <Requirement ID="{Requirement ID}">
       <Type>{Requirement Type}</Type>
       <Name>{Requirement Name}</Name>
       <Relationships>
           <Refines>{HLR this one refines}</Refines>
           <DependsOn>{LLR this one depends on}</DependsOn>
       </Relationships>
       <Content>
           {Requirement Content}
       </Content>
   </Requirement>
   <!-- Repeat for each Low Level Requirement -->
</Requirements>

2. Traceability
2.1 Relationships

2.1.1 Refines
1. The Refines property is only applicable for Low-level requirements.
2. Only High-level requirements can be the target of the Refines relationship.
3. The Low-level requirement must not contradict the High-level requirements it refines.
4. Every part of any High-level requirement must be refined into a Low-level requirement.
5. Any part of any Low-level requirement must be traceable to a refined High-level requirement.

2.1.2 Depends On
1. The Depends On property is applicable for Low and High Level Requirements.
2. It describes a dependency between two requirements on the same or different layers
3. A requirements that refines another, cant point to it with the depends on property

3. Content
3.1 Hierarchy

3.1.1 High-Level Requirements
1. High-level requirements should be relatively broad in scope.
2. High-level requirements should describe the system capabilities.
3. High-level requirements must be testable.
4. High-level requirements must be implementable.
5. High-level requirements must be refined by at least one Low-level requirement.

3.1.2 Low-Level Requirements
6. Low-level requirements must always refine at least one High-level requirement, and can refine multiple if needed.
7. Low-level requirements should describe a specific system function.
8. Low-level requirements must be testable.
9. Low-level requirements must be implementable.

3.2 Identification
1. The content of the <ID> tag must conform to the pattern:
   “{level}-{category}-{section}.{item}”
   a. {level}: HL or LL
   b. {category}: category code (e.g., UI)
   c. {section}: major part of category
   d. {item}: sub-item (0 describes category)

2. The content of the <Name> tag must be a short description of the requirement.

3.3 Type
Type is noted in the type attribute of each requirement
3.3.1 Functional Requirements
Describe concrete functions of the system.
In the type attribute it is noted as "FR"

3.3.2 Non-Functional Requirements
Describe restrictions placed on the system.
In the type attribute it is noted as "NFR"

3.4 Wording
1. Requirements must be expressed in plain English using "shall".
2. Requirements must be understandable on their own.
3. Requirements must be unambiguous.
 

You will check them and whenever there are errors, either regarding this document or any logical faults you will create Findings according to this document:

Software Findings Policy (SFP)

When a Verifier notices an Error or Inconsistency in any Document a Finding is created, which details the Error, Its location and a possible solution.
The creator of the Original Document has to process each Finding and either implement the solution, or justify why the problem does not need to be fixed.

Findings Document Structure
1. Findings are to be structured using XML files.
3. A Findings Document always contain findings of only one document
4. All documents must start with the <Findings> tag.
5. The <Findings> tag must have three attributes:
   a. “version”: the findings documents version
   b. “source”: specifies the type of document the findings reference
   c. “source_version”: specifies the version of the source document

Findings Structure
6.  Below the <Findings> tag, every finding must be stored inside its own <Finding> tag.
    a. each finding must have the attribute "id"

7. Each Finding must have the following children
    a. <ItemID> The ID of the Item the Finding references
    b. <Description> Description of the Finding
    c. <Solution> A Suggestion as how to fix the Problem
    d. <Severity> Severity how the finding

8. Findings can have the following children, in certain circumstances
    e <RollbackPhase> to which phase the development needs to be rolled back to fix the findings

Finding Template

<Findings version="{version}" source= "{source}" source_version = "{source_version}"  >
    <Finding ID = "{finding id}">
        <ItemID> {RequirementID} </ItemID>
        <Severity> {Severity} </Severity>
        <Description> {Description} </Description>
        <Solution> {Solution} </Solution>
        <RollbackPhase> {Optional: Rollback Phase}</RollbackPhase>
    </Finding>
</Findings>

Identification
  The content of the findings <ID> tag must conform to the pattern:
  "{source_type}--{source_version}--{counter}"
  "source_type": The type of the source document
  "source_version": The version of the source document
  "counter": The number of the finding of the document, starting with 1

Severity
    Severity can have 3 Grades
    a. "Minor": Only affects one item, minor changes needed in the current phase
    b. "Major": Affects multiple items, major changes needed in the current phase
    c. "Catastrophic": Affects multiple items, it is necessary to change items in prior phases

    Whenever a catastrophic finding is detected, only catastrophic findings are to be documented.
    Catastrophic findings need to have the Rollback Phase child, indicating to which phase the process needs to be rolled back to fix the problem.
    It is advised to only roll back to the previous phase, but it is possible to rollback multiple phases
    The phases are as follows:
    a. "High Level Design"
    b. "Low Level Design"
    c. "Architecture Design"
    d. "Implementation"



Answer Document Structure
1. Answers are to be structured using XML files.
2. A Answer Document contains only the answer to one Findings document
3. All documents must start with the <Answer> tag.
4. The <Findings> tag must have one attributes:
   b. “findings_version”: specifies the version of the findings document, the answer is to
   c. “findings_type”: specifies the type of document the finding document references

Findings Structure
5. Below the <Findings> tag, every answer must be stored inside its own <Justification> or <Implementation> tag.

Justification Structure
6. Each Justification must have the following children
    a. <FindingID> The ID of the Finding the Answer references
    b. <Explanation> Explanation why the Finding does not need to be fixed

Implementation Structure
7. Each Implementation must have the following children
    a. <FindingID> The ID of the Finding the Answer references
    b. <Explanation> Explanation of how the Finding was Fixed

<Answer findings_version= "{findings_version}" findings_type "{findings_type}">
    <Justification>
        <FindingID> {Finding ID} </FindingID>
        <Explanation> {Explanation} </Explanation>
    </Justification>

    <Implementation>
        <FindingID> {Finding ID} </FindingID>
        <Solution> {Solution} </Solution>
    </Implementation>
</Answer>

Justification
    A Justification is needed whenever a Finding is not Accepted, it needs to explain why the Finding is not correct
    When the Finding Author does not agree with the Justification, another Finding, referencing the same Item as the original Finding needs to be created, arguing against the Justification

 

When you got a list of low level requirements, to verify and you found no problems only answer with "clear" otherwise answer with the findings as laid out before. When you got no list of requirements, only instructions answer with check if you understood your task, and help if you have problems.


[2026-05-13--21:20:09]Agent: check
[2026-05-13--21:21:15]User: Here are the two documents, containing High and Low Level Requirements
<?xml version="1.0" ?>
<Requirements version="1" hierarchy="HLR">
  <Requirement ID="HL-EXPL-1.1">
    <Type>NFR / FR</Type>
    <Name>Example</Name>
    <Content>Example Description</Content>
    <Relationships/>
  </Requirement>
  <Requirement ID="HL-EXPL-1.2">
    <Type>FR</Type>
    <Name>Explore Maze</Name>
    <Content>Robot shall autonomously explore an unknown maze</Content>
    <Relationships/>
  </Requirement>
  <Requirement ID="HL-EXPL-1.3">
    <Type>FR</Type>
    <Name>Wall Detection</Name>
    <Content>Robot shall detect and avoid walls</Content>
    <Relationships/>
  </Requirement>
  <Requirement ID="HL-MAP-2.1">
    <Type>FR</Type>
    <Name>Create Map</Name>
    <Content>Robot shall create an internal representation of the maze</Content>
    <Relationships/>
  </Requirement>
  <Requirement ID="HL-MAP-2.2">
    <Type>FR</Type>
    <Name>Cell Clasification</Name>
    <Content>Robot shall distinguish between free, blocked, and unknown areas</Content>
    <Relationships/>
  </Requirement>
  <Requirement ID="HL-MAP-2.3">
    <Type>NFR</Type>
    <Name>Time Constraint</Name>
    <Content>Robot shall complete mapping of the maze within 5 minutes</Content>
    <Relationships/>
  </Requirement>
  <Requirement ID="HL-PLAN-3.1">
    <Type>FR</Type>
    <Name>Path Planning</Name>
    <Content>Robot shall compute an optimal path to the target</Content>
    <Relationships/>
  </Requirement>
  <Requirement ID="HL-RUN-4.1">
    <Type>FR</Type>
    <Name>Return to Start</Name>
    <Content>Robot shall return to start after the exploration is done</Content>
    <Relationships/>
  </Requirement>
  <Requirement ID="HL-RUN-4.2">
    <Type>FR</Type>
    <Name>Second Run</Name>
    <Content>Robot shall perform a second run after exploration</Content>
    <Relationships/>
  </Requirement>
  <Requirement ID="HL-RUN-4.3">
    <Type>FR</Type>
    <Name>Efficient Path Execution</Name>
    <Content>Second run shall follow the most efficient path to the target</Content>
    <Relationships/>
  </Requirement>
  <Requirement ID="HL-RELIAB-5.1">
    <Type>NFR</Type>
    <Name>Collision Avoidance</Name>
    <Content>The robot shall not collide with walls</Content>
    <Relationships/>
  </Requirement>
  <Requirement ID="HL-RELIAB-5.2">
    <Type>NFR</Type>
    <Name>Fault Tolerance</Name>
    <Content>The robot shall be able to handle faulty sensor data</Content>
    <Relationships/>
  </Requirement>
  <Requirement ID="HL-INTERF-6.1">
    <Type>FR</Type>
    <Name>Sensor Processing</Name>
    <Content>The system shall be able to process sensor data defined in the sensor data interface description</Content>
    <Relationships/>
  </Requirement>
  <Requirement ID="HL-INTERF-6.2">
    <Type>FR</Type>
    <Name>Actuator Control</Name>
    <Content>The system shall be able to send control commands to actuators with commands specified in motor interface description</Content>
    <Relationships/>
  </Requirement>
</Requirements>
<Requirements version="1" hierarchy="LLR">
  <!-- ========================= -->
  <!-- HLR: HL-EXPL-1.1 Example  -->
  <!-- ========================= -->

  <Requirement ID="LL-EXPL-1.1.1">
    <Type>FR</Type>
    <Name>System Initialization</Name>
    <Relationships>
      <Refines>HL-EXPL-1.1</Refines>
    </Relationships>
    <Content>
      The system shall, upon power-up, perform an initialization sequence that includes: loading configuration parameters, initializing all sensors and actuators, initializing the motion control module, initializing the mapping and planning modules, and performing self-checks to determine whether all critical components are operational.
    </Content>
  </Requirement>

  <Requirement ID="LL-EXPL-1.1.2">
    <Type>FR</Type>
    <Name>Exploration Mode Selection</Name>
    <Relationships>
      <Refines>HL-EXPL-1.1</Refines>
    </Relationships>
    <Content>
      The system shall provide a mechanism to select and start the autonomous maze exploration mode, either automatically at startup or via an external input (e.g., button, UI command), and shall transition the control logic into exploration state when this mode is activated.
    </Content>
  </Requirement>

  <Requirement ID="LL-EXPL-1.1.3">
    <Type>NFR</Type>
    <Name>Real-Time Control Cycle</Name>
    <Relationships>
      <Refines>HL-EXPL-1.1</Refines>
    </Relationships>
    <Content>
      The system shall execute its main control loop, including sensor acquisition, state estimation, mapping updates, planning, and motion command generation, at a minimum frequency of 20 Hz while the robot is in motion.
    </Content>
  </Requirement>

  <Requirement ID="LL-EXPL-1.1.4">
    <Type>NFR</Type>
    <Name>Resource Utilization Limits</Name>
    <Relationships>
      <Refines>HL-EXPL-1.1</Refines>
    </Relationships>
    <Content>
      The software shall limit its average CPU utilization to at most 80% and its RAM usage to within the available physical memory defined for the target platform, under nominal exploration operation, to ensure stable real-time behavior.
    </Content>
  </Requirement>

  <Requirement ID="LL-EXPL-1.1.5">
    <Type>NFR</Type>
    <Name>Logging Capability</Name>
    <Relationships>
      <Refines>HL-EXPL-1.1</Refines>
    </Relationships>
    <Content>
      The system shall provide a logging subsystem that records key exploration events, including state transitions, fault detections, path planning decisions, and major mapping updates, with timestamps, to persistent or retrievable storage.
    </Content>
  </Requirement>

  <!-- ================================== -->
  <!-- HLR: HL-EXPL-1.2 Explore Maze      -->
  <!-- ================================== -->

  <Requirement ID="LL-EXPL-1.2.1">
    <Type>FR</Type>
    <Name>Exploration State Machine</Name>
    <Relationships>
      <Refines>HL-EXPL-1.2</Refines>
    </Relationships>
    <Content>
      The system shall implement an exploration state machine with at least the states "Idle", "Exploring", "Paused", "Error", and "Completed", and shall autonomously transition between these states based on events such as start command, fault detection, or exploration completion.
    </Content>
  </Requirement>

  <Requirement ID="LL-EXPL-1.2.2">
    <Type>FR</Type>
    <Name>Frontier-Based Exploration Strategy</Name>
    <Relationships>
      <Refines>HL-EXPL-1.2</Refines>
      <DependsOn>LL-MAP-2.1.1</DependsOn>
      <DependsOn>LL-MAP-2.2.1</DependsOn>
      <DependsOn>LL-PLAN-3.1.1</DependsOn>
    </Relationships>
    <Content>
      The system shall implement an exploration strategy that identifies frontier cells or regions (boundaries between known free and unknown areas) in the internal maze representation and selects navigation goals toward these frontiers until no reachable frontier remains.
    </Content>
  </Requirement>

  <Requirement ID="LL-EXPL-1.2.3">
    <Type>FR</Type>
    <Name>Exploration Goal Selection</Name>
    <Relationships>
      <Refines>HL-EXPL-1.2</Refines>
      <DependsOn>LL-EXPL-1.2.2</DependsOn>
      <DependsOn>LL-PLAN-3.1.1</DependsOn>
    </Relationships>
    <Content>
      The system shall, at each exploration step, select a next exploration goal cell or pose based on criteria including reachability, distance cost, and expected information gain, and shall provide this goal to the path planning module.
    </Content>
  </Requirement>

  <Requirement ID="LL-EXPL-1.2.4">
    <Type>FR</Type>
    <Name>Maze Coverage Completion Criterion</Name>
    <Relationships>
      <Refines>HL-EXPL-1.2</Refines>
      <Refines>HL-MAP-2.3</Refines>
      <DependsOn>LL-MAP-2.1.1</DependsOn>
      <DependsOn>LL-MAP-2.2.2</DependsOn>
    </Relationships>
    <Content>
      The system shall determine that exploration of the maze is complete when all cells within the reachable area are classified as either free or blocked and no additional reachable unknown cells remain in the internal representation, or when the mapping time limit is reached.
    </Content>
  </Requirement>

  <Requirement ID="LL-EXPL-1.2.5">
    <Type>FR</Type>
    <Name>Exploration Movement Execution</Name>
    <Relationships>
      <Refines>HL-EXPL-1.2</Refines>
      <DependsOn>LL-PLAN-3.1.2</DependsOn>
      <DependsOn>LL-INTERF-6.2.1</DependsOn>
      <DependsOn>LL-RELIAB-5.1.1</DependsOn>
    </Relationships>
    <Content>
      The system shall command the robot to follow the paths produced by the planning module from the current position to the selected exploration goals until the exploration completion criterion is met or an error condition is detected.
    </Content>
  </Requirement>

  <Requirement ID="LL-EXPL-1.2.6">
    <Type>NFR</Type>
    <Name>Exploration Progress Monitoring</Name>
    <Relationships>
      <Refines>HL-EXPL-1.2</Refines>
      <Refines>HL-MAP-2.3</Refines>
      <DependsOn>LL-MAP-2.1.1</DependsOn>
    </Relationships>
    <Content>
      The system shall periodically, at least once per second, compute and record the current coverage ratio of explored cells versus reachable maze area to monitor exploration progress.
    </Content>
  </Requirement>

  <!-- ================================== -->
  <!-- HLR: HL-EXPL-1.3 Wall Detection    -->
  <!-- ================================== -->

  <Requirement ID="LL-EXPL-1.3.1">
    <Type>FR</Type>
    <Name>Raw Sensor Acquisition</Name>
    <Relationships>
      <Refines>HL-EXPL-1.3</Refines>
      <Refines>HL-INTERF-6.1</Refines>
    </Relationships>
    <Content>
      The system shall periodically acquire raw distance or proximity measurements from all wall-detection sensors defined in the sensor data interface description at a minimum frequency of 20 Hz while the robot is moving.
    </Content>
  </Requirement>

  <Requirement ID="LL-EXPL-1.3.2">
    <Type>FR</Type>
    <Name>Wall Presence Estimation</Name>
    <Relationships>
      <Refines>HL-EXPL-1.3</Refines>
      <Refines>HL-MAP-2.2</Refines>
      <DependsOn>LL-EXPL-1.3.1</DependsOn>
      <DependsOn>LL-INTERF-6.1.1</DependsOn>
    </Relationships>
    <Content>
      The system shall process sensor measurements to estimate the presence or absence of walls in the robot’s vicinity, including at least the four primary directions relative to the robot (front, back, left, right), and output discrete wall flags for use by mapping and collision avoidance.
    </Content>
  </Requirement>

  <Requirement ID="LL-EXPL-1.3.3">
    <Type>FR</Type>
    <Name>Immediate Wall Avoidance Reaction</Name>
    <Relationships>
      <Refines>HL-EXPL-1.3</Refines>
      <Refines>HL-RELIAB-5.1</Refines>
      <DependsOn>LL-EXPL-1.3.2</DependsOn>
      <DependsOn>LL-INTERF-6.2.1</DependsOn>
    </Relationships>
    <Content>
      The system shall, upon detecting an imminent wall collision based on proximity thresholds, immediately generate and send actuator commands to decelerate or stop and, if necessary, execute an avoidance maneuver such as turning away from the wall.
    </Content>
  </Requirement>

  <Requirement ID="LL-EXPL-1.3.4">
    <Type>NFR</Type>
    <Name>Wall Detection Latency</Name>
    <Relationships>
      <Refines>HL-EXPL-1.3</Refines>
      <Refines>HL-RELIAB-5.1</Refines>
      <DependsOn>LL-EXPL-1.3.1</DependsOn>
      <DependsOn>LL-EXPL-1.3.2</DependsOn>
    </Relationships>
    <Content>
      The system shall ensure that the time from a sensor detecting a wall within a configured safety distance to the issuance of a corresponding actuator command to reduce speed or stop does not exceed 100 milliseconds.
    </Content>
  </Requirement>

  <!-- ===================================== -->
  <!-- HLR: HL-MAP-2.1 Create Map           -->
  <!-- ===================================== -->

  <Requirement ID="LL-MAP-2.1.1">
    <Type>FR</Type>
    <Name>Grid-Based Map Representation</Name>
    <Relationships>
      <Refines>HL-MAP-2.1</Refines>
      <Refines>HL-MAP-2.2</Refines>
    </Relationships>
    <Content>
      The system shall maintain an internal two-dimensional grid-based representation of the maze, where each cell corresponds to a fixed-size region of the physical maze and stores at least its occupancy classification and whether it has been visited.
    </Content>
  </Requirement>

  <Requirement ID="LL-MAP-2.1.2">
    <Type>FR</Type>
    <Name>Map Coordinate Frame</Name>
    <Relationships>
      <Refines>HL-MAP-2.1</Refines>
    </Relationships>
    <Content>
      The system shall define a consistent map coordinate frame with an origin at the starting cell of the robot and shall maintain a mapping between cell indices and physical positions in the maze.
    </Content>
  </Requirement>

  <Requirement ID="LL-MAP-2.1.3">
    <Type>FR</Type>
    <Name>Position Tracking for Mapping</Name>
    <Relationships>
      <Refines>HL-MAP-2.1</Refines>
      <DependsOn>LL-INTERF-6.1.1</DependsOn>
    </Relationships>
    <Content>
      The system shall estimate the robot’s current pose (position and orientation) within the map coordinate frame using available odometry and sensor data to enable consistent updates to the internal representation.
    </Content>
  </Requirement>

  <Requirement ID="LL-MAP-2.1.4">
    <Type>FR</Type>
    <Name>Incremental Map Update</Name>
    <Relationships>
      <Refines>HL-MAP-2.1</Refines>
      <Refines>HL-MAP-2.2</Refines>
      <DependsOn>LL-MAP-2.1.1</DependsOn>
      <DependsOn>LL-MAP-2.1.3</DependsOn>
      <DependsOn>LL-EXPL-1.3.2</DependsOn>
    </Relationships>
    <Content>
      The system shall update the internal map cells incrementally during exploration based on the current robot pose and wall presence estimates, marking neighboring cells as blocked where walls are detected and as free where space is detected.
    </Content>
  </Requirement>

  <Requirement ID="LL-MAP-2.1.5">
    <Type>NFR</Type>
    <Name>Map Storage Capacity</Name>
    <Relationships>
      <Refines>HL-MAP-2.1</Refines>
    </Relationships>
    <Content>
      The map subsystem shall support storing at least a maze of 32 by 32 cells at the chosen cell resolution without exceeding allocated memory for the mapping module.
    </Content>
  </Requirement>

  <!-- ===================================== -->
  <!-- HLR: HL-MAP-2.2 Cell Classification  -->
  <!-- ===================================== -->

  <Requirement ID="LL-MAP-2.2.1">
    <Type>FR</Type>
    <Name>Initial Unknown Classification</Name>
    <Relationships>
      <Refines>HL-MAP-2.2</Refines>
      <DependsOn>LL-MAP-2.1.1</DependsOn>
    </Relationships>
    <Content>
      The system shall initialize all cells in the internal maze representation to the classification "unknown" before exploration starts.
    </Content>
  </Requirement>

  <Requirement ID="LL-MAP-2.2.2">
    <Type>FR</Type>
    <Name>Free and Blocked Classification</Name>
    <Relationships>
      <Refines>HL-MAP-2.2</Refines>
      <DependsOn>LL-MAP-2.1.4</DependsOn>
    </Relationships>
    <Content>
      The system shall classify cells as "free" if they are traversable based on sensor data and robot traversal history, and as "blocked" if they contain walls or obstacles according to wall presence estimation.
    </Content>
  </Requirement>

  <Requirement ID="LL-MAP-2.2.3">
    <Type>FR</Type>
    <Name>Visited Cell Tracking</Name>
    <Relationships>
      <Refines>HL-MAP-2.2</Refines>
      <DependsOn>LL-MAP-2.1.3</DependsOn>
    </Relationships>
    <Content>
      The system shall mark the map cell corresponding to the robot’s current pose as "visited" whenever the robot enters it, to support exploration coverage evaluation.
    </Content>
  </Requirement>

  <Requirement ID="LL-MAP-2.2.4">
    <Type>NFR</Type>
    <Name>Classification Consistency</Name>
    <Relationships>
      <Refines>HL-MAP-2.2</Refines>
      <Refines>HL-RELIAB-5.2</Refines>
      <DependsOn>LL-EXPL-1.3.2</DependsOn>
    </Relationships>
    <Content>
      The system shall apply filtering or hysteresis in occupancy classification such that a single contradictory sensor reading does not immediately flip a cell’s classification between free and blocked without additional confirming evidence.
    </Content>
  </Requirement>

  <!-- ===================================== -->
  <!-- HLR: HL-MAP-2.3 Time Constraint      -->
  <!-- ===================================== -->

  <Requirement ID="LL-MAP-2.3.1">
    <Type>NFR</Type>
    <Name>Mapping Time Monitoring</Name>
    <Relationships>
      <Refines>HL-MAP-2.3</Refines>
      <DependsOn>LL-EXPL-1.1.3</DependsOn>
    </Relationships>
    <Content>
      The system shall start a mapping timer when exploration begins and shall continuously monitor the elapsed time during exploration.
    </Content>
  </Requirement>

  <Requirement ID="LL-MAP-2.3.2">
    <Type>NFR</Type>
    <Name>Mapping Time Limit Handling</Name>
    <Relationships>
      <Refines>HL-MAP-2.3</Refines>
      <DependsOn>LL-MAP-2.3.1</DependsOn>
      <DependsOn>LL-EXPL-1.2.1</DependsOn>
    </Relationships>
    <Content>
      The system shall treat the mapping as complete and transition the exploration state machine to "Completed" when the elapsed mapping time reaches 5 minutes, even if unknown cells remain.
    </Content>
  </Requirement>

  <!-- ===================================== -->
  <!-- HLR: HL-PLAN-3.1 Path Planning       -->
  <!-- ===================================== -->

  <Requirement ID="LL-PLAN-3.1.1">
    <Type>FR</Type>
    <Name>Grid-Based Path Planner</Name>
    <Relationships>
      <Refines>HL-PLAN-3.1</Refines>
      <DependsOn>LL-MAP-2.1.1</DependsOn>
    </Relationships>
    <Content>
      The system shall implement a grid-based path planning algorithm, such as A* or Dijkstra, that computes collision-free paths over free cells in the internal maze representation between a given start cell and target cell.
    </Content>
  </Requirement>

  <Requirement ID="LL-PLAN-3.1.2">
    <Type>FR</Type>
    <Name>Optimal Path Criterion</Name>
    <Relationships>
      <Refines>HL-PLAN-3.1</Refines>
      <Refines>HL-RUN-4.3</Refines>
      <DependsOn>LL-PLAN-3.1.1</DependsOn>
    </Relationships>
    <Content>
      The planner shall compute paths that minimize total travel cost, where cost is defined primarily as the total path length measured in number of cell transitions or metric distance.
    </Content>
  </Requirement>

  <Requirement ID="LL-PLAN-3.1.3">
    <Type>FR</Type>
    <Name>Replanning Capability</Name>
    <Relationships>
      <Refines>HL-PLAN-3.1</Refines>
      <DependsOn>LL-MAP-2.1.4</DependsOn>
    </Relationships>
    <Content>
      The system shall be able to recompute a path when the map is updated in a way that invalidates the current path, such as newly discovered blocked cells on the planned route.
    </Content>
  </Requirement>

  <Requirement ID="LL-PLAN-3.1.4">
    <Type>NFR</Type>
    <Name>Planning Time Bound</Name>
    <Relationships>
      <Refines>HL-PLAN-3.1</Refines>
      <Refines>HL-MAP-2.3</Refines>
      <DependsOn>LL-PLAN-3.1.1</DependsOn>
    </Relationships>
    <Content>
      The system shall ensure that individual path planning computations for typical maze sizes up to 32 by 32 cells complete within 200 milliseconds under nominal load.
    </Content>
  </Requirement>

  <!-- ===================================== -->
  <!-- HLR: HL-RUN-4.1 Return to Start      -->
  <!-- ===================================== -->

  <Requirement ID="LL-RUN-4.1.1">
    <Type>FR</Type>
    <Name>Start Position Recording</Name>
    <Relationships>
      <Refines>HL-RUN-4.1</Refines>
      <DependsOn>LL-MAP-2.1.2</DependsOn>
    </Relationships>
    <Content>
      The system shall record the map cell corresponding to the robot’s starting position as the "start cell" before exploration begins.
    </Content>
  </Requirement>

  <Requirement ID="LL-RUN-4.1.2">
    <Type>FR</Type>
    <Name>Path to Start Planning</Name>
    <Relationships>
      <Refines>HL-RUN-4.1</Refines>
      <DependsOn>LL-RUN-4.1.1</DependsOn>
      <DependsOn>LL-PLAN-3.1.1</DependsOn>
    </Relationships>
    <Content>
      The system shall, upon exploration completion, compute a path from the robot’s current cell to the recorded start cell using the path planning module.
    </Content>
  </Requirement>

  <Requirement ID="LL-RUN-4.1.3">
    <Type>FR</Type>
    <Name>Return Path Execution</Name>
    <Relationships>
      <Refines>HL-RUN-4.1</Refines>
      <DependsOn>LL-RUN-4.1.2</DependsOn>
      <DependsOn>LL-INTERF-6.2.1</DependsOn>
    </Relationships>
    <Content>
      The system shall command the robot to follow the computed path back to the start cell and shall stop the robot when the start cell is reached within a defined positional tolerance.
    </Content>
  </Requirement>

  <!-- ===================================== -->
  <!-- HLR: HL-RUN-4.2 Second Run           -->
  <!-- ===================================== -->

  <Requirement ID="LL-RUN-4.2.1">
    <Type>FR</Type>
    <Name>Second Run State Management</Name>
    <Relationships>
      <Refines>HL-RUN-4.2</Refines>
      <DependsOn>LL-EXPL-1.2.1</DependsOn>
    </Relationships>
    <Content>
      The system shall provide a "Second Run" operating mode that can be entered after exploration completion, either automatically or upon external command, and shall control execution flow separately from the exploration mode.
    </Content>
  </Requirement>

  <Requirement ID="LL-RUN-4.2.2">
    <Type>FR</Type>
    <Name>Second Run Path Selection</Name>
    <Relationships>
      <Refines>HL-RUN-4.2</Refines>
      <Refines>HL-RUN-4.3</Refines>
      <DependsOn>LL-PLAN-3.1.2</DependsOn>
    </Relationships>
    <Content>
      The system shall, before starting the second run, compute at least one path from the start cell to the target cell using the internal map and select the path with minimal travel cost for execution.
    </Content>
  </Requirement>

  <Requirement ID="LL-RUN-4.2.3">
    <Type>FR</Type>
    <Name>Second Run Execution</Name>
    <Relationships>
      <Refines>HL-RUN-4.2</Refines>
      <Refines>HL-RUN-4.3</Refines>
      <DependsOn>LL-RUN-4.2.2</DependsOn>
      <DependsOn>LL-INTERF-6.2.1</DependsOn>
    </Relationships>
    <Content>
      The system shall execute the selected optimal path during the second run by generating actuator commands to follow the path from the start cell to the target cell.
    </Content>
  </Requirement>

  <!-- ===================================== -->
  <!-- HLR: HL-RUN-4.3 Efficient Path Exec  -->
  <!-- ===================================== -->

  <Requirement ID="LL-RUN-4.3.1">
    <Type>FR</Type>
    <Name>Path Smoothing for Second Run</Name>
    <Relationships>
      <Refines>HL-RUN-4.3</Refines>
      <DependsOn>LL-RUN-4.2.2</DependsOn>
    </Relationships>
    <Content>
      The system shall optionally perform path smoothing or segment merging on the cell-based optimal path for the second run to reduce unnecessary turns and improve traversal efficiency while preserving collision-free properties.
    </Content>
  </Requirement>

  <Requirement ID="LL-RUN-4.3.2">
    <Type>NFR</Type>
    <Name>Second Run Execution Time</Name>
    <Relationships>
      <Refines>HL-RUN-4.3</Refines>
      <DependsOn>LL-RUN-4.2.3</DependsOn>
    </Relationships>
    <Content>
      The system shall configure motion profiles for the second run such that the expected travel time along the optimal path is minimized within the limits of collision avoidance and actuator capabilities.
    </Content>
  </Requirement>

  <!-- ===================================== -->
  <!-- HLR: HL-RELIAB-5.1 Collision Avoid   -->
  <!-- ===================================== -->

  <Requirement ID="LL-RELIAB-5.1.1">
    <Type>FR</Type>
    <Name>Local Collision Avoidance Layer</Name>
    <Relationships>
      <Refines>HL-RELIAB-5.1</Refines>
      <DependsOn>LL-EXPL-1.3.2</DependsOn>
      <DependsOn>LL-INTERF-6.2.1</DependsOn>
    </Relationships>
    <Content>
      The system shall implement a local collision avoidance layer that monitors predicted robot trajectory against nearby wall detections and overrides or modifies motion commands when a risk of collision is detected.
    </Content>
  </Requirement>

  <Requirement ID="LL-RELIAB-5.1.2">
    <Type>NFR</Type>
    <Name>Safety Distance Enforcement</Name>
    <Relationships>
      <Refines>HL-RELIAB-5.1</Refines>
      <DependsOn>LL-RELIAB-5.1.1</DependsOn>
    </Relationships>
    <Content>
      The collision avoidance layer shall ensure that the robot maintains at least a configured minimum safety distance to detected walls during operation, based on sensor readings and motion constraints.
    </Content>
  </Requirement>

  <!-- ===================================== -->
  <!-- HLR: HL-RELIAB-5.2 Fault Tolerance   -->
  <!-- ===================================== -->

  <Requirement ID="LL-RELIAB-5.2.1">
    <Type>FR</Type>
    <Name>Sensor Plausibility Checks</Name>
    <Relationships>
      <Refines>HL-RELIAB-5.2</Refines>
      <DependsOn>LL-EXPL-1.3.1</DependsOn>
    </Relationships>
    <Content>
      The system shall perform plausibility checks on incoming sensor data, including range validation, detection of constant stuck values, and inconsistency with robot motion, and shall flag sensor readings as faulty when checks fail.
    </Content>
  </Requirement>

  <Requirement ID="LL-RELIAB-5.2.2">
    <Type>FR</Type>
    <Name>Fallback Behavior on Faulty Sensors</Name>
    <Relationships>
      <Refines>HL-RELIAB-5.2</Refines>
      <DependsOn>LL-RELIAB-5.2.1</DependsOn>
    </Relationships>
    <Content>
      The system shall, when faulty sensor data is detected, degrade gracefully by either ignoring the faulty sensor, relying on redundant sensors if available, reducing robot speed, or stopping exploration and signaling an error state, depending on severity.
    </Content>
  </Requirement>

  <Requirement ID="LL-RELIAB-5.2.3">
    <Type>NFR</Type>
    <Name>Fault Logging</Name>
    <Relationships>
      <Refines>HL-RELIAB-5.2</Refines>
      <DependsOn>LL-EXPL-1.1.5</DependsOn>
    </Relationships>
    <Content>
      The system shall log occurrences of detected sensor faults and the applied fallback behavior, including timestamps and affected sensors.
    </Content>
  </Requirement>

  <!-- ===================================== -->
  <!-- HLR: HL-INTERF-6.1 Sensor Processing -->
  <!-- ===================================== -->

  <Requirement ID="LL-INTERF-6.1.1">
    <Type>FR</Type>
    <Name>Sensor Data Interface Adapter</Name>
    <Relationships>
      <Refines>HL-INTERF-6.1</Refines>
    </Relationships>
    <Content>
      The system shall implement an interface adapter that receives sensor data in the format defined by the sensor data interface description and converts it into internal data structures for use by wall detection, localization, and mapping modules.
    </Content>
  </Requirement>

  <Requirement ID="LL-INTERF-6.1.2">
    <Type>FR</Type>
    <Name>Sensor Sampling Configuration</Name>
    <Relationships>
      <Refines>HL-INTERF-6.1</Refines>
    </Relationships>
    <Content>
      The system shall allow configuration of sampling rates and filtering parameters for each supported sensor type as defined in the sensor data interface description.
    </Content>
  </Requirement>

  <Requirement ID="LL-INTERF-6.1.3">
    <Type>NFR</Type>
    <Name>Sensor Processing Latency</Name>
    <Relationships>
      <Refines>HL-INTERF-6.1</Refines>
      <DependsOn>LL-EXPL-1.3.1</DependsOn>
    </Relationships>
    <Content>
      The system shall process incoming sensor data and make it available to consumer modules within 50 milliseconds under nominal operating conditions.
    </Content>
  </Requirement>

  <!-- ===================================== -->
  <!-- HLR: HL-INTERF-6.2 Actuator Control  -->
  <!-- ===================================== -->

  <Requirement ID="LL-INTERF-6.2.1">
    <Type>FR</Type>
    <Name>Actuator Command Interface Adapter</Name>
    <Relationships>
      <Refines>HL-INTERF-6.2</Refines>
    </Relationships>
    <Content>
      The system shall implement an interface adapter that encodes and sends actuator control commands in the format specified by the motor interface description, including at least velocity and turning commands for the drive actuators.
    </Content>
  </Requirement>

  <Requirement ID="LL-INTERF-6.2.2">
    <Type>FR</Type>
    <Name>Low-Level Motion Controller</Name>
    <Relationships>
      <Refines>HL-INTERF-6.2</Refines>
      <DependsOn>LL-INTERF-6.2.1</DependsOn>
    </Relationships>
    <Content>
      The system shall implement a low-level motion controller that converts planned trajectories or discrete movement commands into continuous actuator commands while respecting maximum speed and acceleration constraints of the robot.
    </Content>
  </Requirement>

  <Requirement ID="LL-INTERF-6.2.3">
    <Type>NFR</Type>
    <Name>Actuator Command Rate</Name>
    <Relationships>
      <Refines>HL-INTERF-6.2</Refines>
      <DependsOn>LL-EXPL-1.1.3</DependsOn>
    </Relationships>
    <Content>
      The system shall update and send actuator control commands at a minimum rate of 20 Hz while the robot is in motion.
    </Content>
  </Requirement>
</Requirements>

Check these Low Level Requirements and answer with Findings
Also Ensure that enough Low Level Requirements with enough information exist so that a Architecture Design can be created from then


[2026-05-13--21:21:56]Agent: <Findings version="1" source="LLR" source_version="1">
  <Finding ID="LLR--1--1">
    <ItemID>LL-EXPL-1.1.1</ItemID>
    <Severity>Minor</Severity>
    <Description>
      The LLR ID does not conform to the required ID pattern “{level}-{category}-{section}.{item}”. The category and section must not themselves contain dots. Here “LL-EXPL-1.1.1” effectively yields five segments instead of four.
    </Description>
    <Solution>
      Rename the requirement ID to match the 4-segment pattern, e.g.:
      - Change "LL-EXPL-1.1.1" to "LL-EXPL-1.1"
      and adjust all other LLR IDs consistently so that:
      - {level} = "LL"
      - {category} = short code without dots (e.g. "EXPL")
      - {section} = "1" (or similar integer)
      - {item} = "1", "2", ... for sub-items.
    </Solution>
  </Finding>

  <Finding ID="LLR--1--2">
    <ItemID>LL-EXPL-1.1.2</ItemID>
    <Severity>Minor</Severity>
    <Description>
      The ID "LL-EXPL-1.1.2" has the same ID pattern issue as LL-EXPL-1.1.1, using five segments instead of the required four.
    </Description>
    <Solution>
      Rename to a valid 4-part ID, e.g. "LL-EXPL-1.2", and apply the same scheme to all EXPL-related LLRs.
    </Solution>
  </Finding>

  <Finding ID="LLR--1--3">
    <ItemID>LL-EXPL-1.1.3</ItemID>
    <Severity>Minor</Severity>
    <Description>
      The ID "LL-EXPL-1.1.3" violates the required ID pattern (same underlying issue as previous EXPL LLRs).
    </Description>
    <Solution>
      Rename to a valid 4-part ID, e.g. "LL-EXPL-1.3", consistent with the chosen EXPL section/item scheme.
    </Solution>
  </Finding>

  <Finding ID="LLR--1--4">
    <ItemID>LL-EXPL-1.1.4</ItemID>
    <Severity>Minor</Severity>
    <Description>
      The ID "LL-EXPL-1.1.4" does not follow the “{level}-{category}-{section}.{item}” pattern.
    </Description>
    <Solution>
      Rename to a valid ID, e.g. "LL-EXPL-1.4", and align numbering to the global EXPL scheme.
    </Solution>
  </Finding>

  <Finding ID="LLR--1--5">
    <ItemID>LL-EXPL-1.1.5</ItemID>
    <Severity>Minor</Severity>
    <Description>
      The ID "LL-EXPL-1.1.5" uses an invalid structure (extra numeric segment).
    </Description>
    <Solution>
      Rename to a valid ID, e.g. "LL-EXPL-1.5", ensuring exactly one dot-separated “item” component.
    </Solution>
  </Finding>

  <Finding ID="LLR--1--6">
    <ItemID>LL-EXPL-1.2.1</ItemID>
    <Severity>Minor</Severity>
    <Description>
      The ID "LL-EXPL-1.2.1" does not conform to the required 4-part pattern (has 5 segments).
    </Description>
    <Solution>
      Rename to a valid ID, e.g. "LL-EXPL-2.1", and adjust other EXPL 1.2.x IDs similarly.
    </Solution>
  </Finding>

  <Finding ID="LLR--1--7">
    <ItemID>LL-EXPL-1.2.2</ItemID>
    <Severity>Minor</Severity>
    <Description>
      The ID "LL-EXPL-1.2.2" also violates the ID pattern (same structural issue as other EXPL IDs).
    </Description>
    <Solution>
      Rename to a valid ID, e.g. "LL-EXPL-2.2", in line with the agreed EXPL numbering scheme.
    </Solution>
  </Finding>

  <Finding ID="LLR--1--8">
    <ItemID>LL-EXPL-1.2.3</ItemID>
    <Severity>Minor</Severity>
    <Description>
      The ID "LL-EXPL-1.2.3" does not follow the 4-part ID format.
    </Description>
    <Solution>
      Rename to a valid ID (e.g. "LL-EXPL-2.3") and re-use the same mapping pattern as for other EXPL requirements.
    </Solution>
  </Finding>

  <Finding ID="LLR--1--9">
    <ItemID>LL-EXPL-1.2.4</ItemID>
    <Severity>Minor</Severity>
    <Description>
      The ID "LL-EXPL-1.2.4" is structurally inconsistent with the defined ID pattern.
    </Description>
    <Solution>
      Rename to a valid ID (e.g. "LL-EXPL-2.4"), ensuring exactly one dot.
    </Solution>
  </Finding>

  <Finding ID="LLR--1--10">
    <ItemID>LL-EXPL-1.2.5</ItemID>
    <Severity>Minor</Severity>
    <Description>
      The ID "LL-EXPL-1.2.5" uses five segments instead of four.
    </Description>
    <Solution>
      Rename to a valid ID (e.g. "LL-EXPL-2.5") and keep consistency across all EXPL items.
    </Solution>
  </Finding>

  <Finding ID="LLR--1--11">
    <ItemID>LL-EXPL-1.2.6</ItemID>
    <Severity>Minor</Severity>
    <Description>
      The ID "LL-EXPL-1.2.6" is not compliant with the “{level}-{category}-{section}.{item}” pattern.
    </Description>
    <Solution>
      Rename to a valid ID, e.g. "LL-EXPL-2.6".
    </Solution>
  </Finding>

  <Finding ID="LLR--1--12">
    <ItemID>LL-EXPL-1.3.1</ItemID>
    <Severity>Minor</Severity>
    <Description>
      The ID "LL-EXPL-1.3.1" does not match the specified ID pattern (extra numeric field).
    </Description>
    <Solution>
      Rename to a valid ID (e.g. "LL-EXPL-3.1") and align other EXPL 1.3.x IDs accordingly.
    </Solution>
  </Finding>

  <Finding ID="LLR--1--13">
    <ItemID>LL-EXPL-1.3.2</ItemID>
    <Severity>Minor</Severity>
    <Description>
      The ID "LL-EXPL-1.3.2" also violates the 4-part ID pattern.
    </Description>
    <Solution>
      Rename to a valid ID, e.g. "LL-EXPL-3.2".
    </Solution>
  </Finding>

  <Finding ID="LLR--1--14">
    <ItemID>LL-EXPL-1.3.3</ItemID>
    <Severity>Minor</Severity>
    <Description>
      The ID "LL-EXPL-1.3.3" is not in the required format.
    </Description>
    <Solution>
      Rename to a valid ID, e.g. "LL-EXPL-3.3".
    </Solution>
  </Finding>

  <Finding ID="LLR--1--15">
    <ItemID>LL-EXPL-1.3.4</ItemID>
    <Severity>Minor</Severity>
    <Description>
      The ID "LL-EXPL-1.3.4" uses more segments than allowed.
    </Description>
    <Solution>
      Rename to a valid ID, e.g. "LL-EXPL-3.4".
    </Solution>
  </Finding>

  <Finding ID="LLR--1--16">
    <ItemID>LL-MAP-2.1.1</ItemID>
    <Severity>Minor</Severity>
    <Description>
      The ID "LL-MAP-2.1.1" does not conform to the 4-part pattern; the same issue occurs for all MAP 2.1.x requirements.
    </Description>
    <Solution>
      Rename these to use exactly one dot, e.g.:
      - LL-MAP-2.1.1 → LL-MAP-2.1
      - LL-MAP-2.1.2 → LL-MAP-2.2
      - LL-MAP-2.1.3 → LL-MAP-2.3
      - LL-MAP-2.1.4 → LL-MAP-2.4
      - LL-MAP-2.1.5 → LL-MAP-2.5
      ensuring {section} remains a single integer value.
    </Solution>
  </Finding>

  <Finding ID="LLR--1--17">
    <ItemID>LL-MAP-2.2.1</ItemID>
    <Severity>Minor</Severity>
    <Description>
      The ID "LL-MAP-2.2.1" and its siblings "LL-MAP-2.2.2", "LL-MAP-2.2.3", "LL-MAP-2.2.4" are not compliant with the required ID pattern.
    </Description>
    <Solution>
      Rename them to 4-part IDs, e.g.:
      - LL-MAP-2.2.1 → LL-MAP-3.1
      - LL-MAP-2.2.2 → LL-MAP-3.2
      - LL-MAP-2.2.3 → LL-MAP-3.3
      - LL-MAP-2.2.4 → LL-MAP-3.4
      or another consistent mapping that respects the format.
    </Solution>
  </Finding>

  <Finding ID="LLR--1--18">
    <ItemID>LL-MAP-2.3.1</ItemID>
    <Severity>Minor</Severity>
    <Description>
      IDs "LL-MAP-2.3.1" and "LL-MAP-2.3.2" contain two dot-separated numeric parts, violating the pattern.
    </Description>
    <Solution>
      Rename to valid IDs (e.g. "LL-MAP-4.1", "LL-MAP-4.2") while keeping traceability references updated.
    </Solution>
  </Finding>

  <Finding ID="LLR--1--19">
    <ItemID>LL-PLAN-3.1.1</ItemID>
    <Severity>Minor</Severity>
    <Description>
      All planning IDs "LL-PLAN-3.1.1", "LL-PLAN-3.1.2", "LL-PLAN-3.1.3", "LL-PLAN-3.1.4" violate the 4-part ID rule (extra numeric component).
    </Description>
    <Solution>
      Rename them to valid 4-part IDs, e.g.:
      - LL-PLAN-3.1.1 → LL-PLAN-3.1
      - LL-PLAN-3.1.2 → LL-PLAN-3.2
      - LL-PLAN-3.1.3 → LL-PLAN-3.3
      - LL-PLAN-3.1.4 → LL-PLAN-3.4
    </Solution>
  </Finding>

  <Finding ID="LLR--1--20">
    <ItemID>LL-RUN-4.1.1</ItemID>
    <Severity>Minor</Severity>
    <Description>
      All RUN IDs: "LL-RUN-4.1.1", "LL-RUN-4.1.2", "LL-RUN-4.1.3", "LL-RUN-4.2.1", "LL-RUN-4.2.2", "LL-RUN-4.2.3", "LL-RUN-4.3.1", "LL-RUN-4.3.2" have two dot segments instead of one.
    </Description>
    <Solution>
      Rename to IDs with only one dot, for example:
      - LL-RUN-4.1.1 → LL-RUN-4.1
      - LL-RUN-4.1.2 → LL-RUN-4.2
      - LL-RUN-4.1.3 → LL-RUN-4.3
      - LL-RUN-4.2.1 → LL-RUN-5.1
      - LL-RUN-4.2.2 → LL-RUN-5.2
      - LL-RUN-4.2.3 → LL-RUN-5.3
      - LL-RUN-4.3.1 → LL-RUN-6.1
      - LL-RUN-4.3.2 → LL-RUN-6.2
      or another consistent numbering that preserves hierarchy and uniqueness.
    </Solution>
  </Finding>

  <Finding ID="LLR--1--21">
    <ItemID>LL-RELIAB-5.1.1</ItemID>
    <Severity>Minor</Severity>
    <Description>
      IDs under RELIAB "LL-RELIAB-5.1.1", "LL-RELIAB-5.1.2", "LL-RELIAB-5.2.1", "LL-RELIAB-5.2.2", "LL-RELIAB-5.2.3" do not follow the "HL/LL-{category}-{section}.{item}" pattern (two dot-separated components).
    </Description>
    <Solution>
      Rename them to valid IDs, e.g.:
      - LL-RELIAB-5.1.1 → LL-RELIAB-5.1
      - LL-RELIAB-5.1.2 → LL-RELIAB-5.2
      - LL-RELIAB-5.2.1 → LL-RELIAB-6.1
      - LL-RELIAB-5.2.2 → LL-RELIAB-6.2
      - LL-RELIAB-5.2.3 → LL-RELIAB-6.3
    </Solution>
  </Finding>

  <Finding ID="LLR--1--22">
    <ItemID>LL-INTERF-6.1.1</ItemID>
    <Severity>Minor</Severity>
    <Description>
      All INTERF IDs "LL-INTERF-6.1.1", "LL-INTERF-6.1.2", "LL-INTERF-6.1.3", "LL-INTERF-6.2.1", "LL-INTERF-6.2.2", "LL-INTERF-6.2.3" have an extra numeric segment.
    </Description>
    <Solution>
      Rename to valid IDs, for example:
      - LL-INTERF-6.1.1 → LL-INTERF-6.1
      - LL-INTERF-6.1.2 → LL-INTERF-6.2
      - LL-INTERF-6.1.3 → LL-INTERF-6.3
      - LL-INTERF-6.2.1 → LL-INTERF-7.1
      - LL-INTERF-6.2.2 → LL-INTERF-7.2
      - LL-INTERF-6.2.3 → LL-INTERF-7.3
      or a similar consistent scheme.
    </Solution>
  </Finding>

  <Finding ID="LLR--1--23">
    <ItemID>LL-EXPL-1.1.3</ItemID>
    <Severity>Minor</Severity>
    <Description>
      Requirement LL-EXPL-1.1.3 is typed as "NFR" but its content ("The system shall execute its main control loop ... at a minimum frequency of 20 Hz") describes a concrete behavior and processing flow (sensor acquisition, estimation, mapping updates, planning, command generation). This is more characteristic of a functional requirement than a pure constraint.
    </Description>
    <Solution>
      Reclassify the Type from "NFR" to "FR", or split it into:
      - an FR describing the existence and structure of the main control loop,
      - an NFR specifying the required minimum loop frequency (e.g. &gt;= 20 Hz).
    </Solution>
  </Finding>

  <Finding ID="LLR--1--24">
    <ItemID>LL-EXPL-1.1.4</ItemID>
    <Severity>Minor</Severity>
    <Description>
      Requirement LL-EXPL-1.1.4 uses the phrase "within the available physical memory defined for the target platform" without specifying a concrete numeric limit. This leaves room for ambiguity and may hinder strict testability.
    </Description>
    <Solution>
      Replace the vague reference with a concrete bound, for example:
      "… shall limit its RAM usage to at most {X} MB on the target platform" or reference a clearly versioned platform specification that defines the exact physical memory and allowed percentage.
    </Solution>
  </Finding>

  <Finding ID="LLR--1--25">
    <ItemID>LL-MAP-2.1.5</ItemID>
    <Severity>Minor</Severity>
    <Description>
      LL-MAP-2.1.5 ("The map subsystem shall support storing at least a maze of 32 by 32 cells …") uses "the map subsystem shall", whereas the policy recommends framing requirements uniformly from the system perspective and may create ambiguity whether this is a separate subsystem or the same system.
    </Description>
    <Solution>
      Rephrase to maintain consistency and clarity, e.g.:
      "The system shall support storing at least a maze of 32 by 32 cells …" or explicitly define "map subsystem" in the glossary and then consistently reference it.
    </Solution>
  </Finding>

  <Finding ID="LLR--1--26">
    <ItemID>LL-RUN-4.2.2</ItemID>
    <Severity>Minor</Severity>
    <Description>
      LL-RUN-4.2.2 refers to a "target cell", but the corresponding HLRs do not define how the target is specified (by user input, by rules such as 'maze exit', etc.). This can cause ambiguity at architecture and design time.
    </Description>
    <Solution>
      Add or refine a requirement (HLR or LLR) that defines how the target cell is determined or provided (e.g., via user input, preconfigured coordinates, detection of a goal marker), and then reference that requirement from LL-RUN-4.2.2.
    </Solution>
  </Finding>

  <Finding ID="LLR--1--27">
    <ItemID>HL-EXPL-1.1</ItemID>
    <Severity>Major</Severity>
    <Description>
      The HLR "HL-EXPL-1.1 Example" is effectively a placeholder with non-specific content. The LLRs LL-EXPL-1.1.1 through LL-EXPL-1.1.5 refine it with substantial system-level behavior (initialization, mode selection, main loop, resource limits, logging). However, because the HLR itself is not a clear, testable system capability and is labeled "Example Description", it is not truly refined; instead, the LLRs introduce new capabilities that are not traceable to a meaningful HLR intent. This violates the traceability rule that “every part of any Low-level requirement must be traceable to a refined High-level requirement” and that HLRs must be testable and implementable system capabilities.
    </Description>
    <Solution>
      Replace HL-EXPL-1.1 with a concrete, testable high-level requirement describing the intended system capability (e.g., "The system shall provide an autonomous exploration operating mode including initialization, control loop execution, and logging.") and ensure its content clearly justifies the LLRs it is refined into. Adjust wording or relationships of the affected LLRs if necessary so they fully and exclusively refine the clarified HLR.
    </Solution>
  </Finding>

  <Finding ID="LLR--1--28">
    <ItemID>GLOBAL-ARCH</ItemID>
    <Severity>Minor</Severity>
    <Description>
      While the set of LLRs is generally detailed and covers major exploration, mapping, planning, reliability, and interfacing aspects, several critical architectural cross-cutting concerns are only implicitly defined, which may hinder straightforward architecture design:
      - No explicit requirement for overall module decomposition (e.g. separate "Exploration Controller", "Mapping Module", "Motion Controller", "Collision Avoidance Layer"), even though these are implicitly referenced.
      - No explicit requirement about inter-module communication patterns (e.g. event-based vs polling, data bus).
      - No explicit requirement for error handling and state transitions at the system level (beyond local mentions like "Error" state in exploration and sensor fault behavior).
      Architecture can still be derived, but adding explicit LLRs for these concerns would make the design step more direct and less assumption-driven.
    </Description>
    <Solution>
      Add a small number of additional LLRs (e.g., under EXPL or a new SYS category) that:
      - Define the main runtime components/modules and their responsibilities at a coarse level (e.g., "The system shall be decomposed into modules for exploration control, mapping, planning, motion control, collision avoidance, and logging, each with clearly defined interfaces.").
      - Specify the main communication/interaction style (e.g., "The system shall exchange data between modules via shared data structures with producer/consumer interfaces" or via a message bus).
      - Define global error-handling behavior and transitions between global operating modes (startup, exploration, second run, error, shutdown).
    </Solution>
  </Finding>
</Findings>
[2026-05-13--21:22:53]User: Your previous findings were incorporated into the Requirements.
Here are the two documents, containing High (unchanged) and Low Level Requirements
<?xml version="1.0" ?>
<Requirements version="1" hierarchy="HLR">
  <Requirement ID="HL-EXPL-1.1">
    <Type>NFR / FR</Type>
    <Name>Example</Name>
    <Content>Example Description</Content>
    <Relationships/>
  </Requirement>
  <Requirement ID="HL-EXPL-1.2">
    <Type>FR</Type>
    <Name>Explore Maze</Name>
    <Content>Robot shall autonomously explore an unknown maze</Content>
    <Relationships/>
  </Requirement>
  <Requirement ID="HL-EXPL-1.3">
    <Type>FR</Type>
    <Name>Wall Detection</Name>
    <Content>Robot shall detect and avoid walls</Content>
    <Relationships/>
  </Requirement>
  <Requirement ID="HL-MAP-2.1">
    <Type>FR</Type>
    <Name>Create Map</Name>
    <Content>Robot shall create an internal representation of the maze</Content>
    <Relationships/>
  </Requirement>
  <Requirement ID="HL-MAP-2.2">
    <Type>FR</Type>
    <Name>Cell Clasification</Name>
    <Content>Robot shall distinguish between free, blocked, and unknown areas</Content>
    <Relationships/>
  </Requirement>
  <Requirement ID="HL-MAP-2.3">
    <Type>NFR</Type>
    <Name>Time Constraint</Name>
    <Content>Robot shall complete mapping of the maze within 5 minutes</Content>
    <Relationships/>
  </Requirement>
  <Requirement ID="HL-PLAN-3.1">
    <Type>FR</Type>
    <Name>Path Planning</Name>
    <Content>Robot shall compute an optimal path to the target</Content>
    <Relationships/>
  </Requirement>
  <Requirement ID="HL-RUN-4.1">
    <Type>FR</Type>
    <Name>Return to Start</Name>
    <Content>Robot shall return to start after the exploration is done</Content>
    <Relationships/>
  </Requirement>
  <Requirement ID="HL-RUN-4.2">
    <Type>FR</Type>
    <Name>Second Run</Name>
    <Content>Robot shall perform a second run after exploration</Content>
    <Relationships/>
  </Requirement>
  <Requirement ID="HL-RUN-4.3">
    <Type>FR</Type>
    <Name>Efficient Path Execution</Name>
    <Content>Second run shall follow the most efficient path to the target</Content>
    <Relationships/>
  </Requirement>
  <Requirement ID="HL-RELIAB-5.1">
    <Type>NFR</Type>
    <Name>Collision Avoidance</Name>
    <Content>The robot shall not collide with walls</Content>
    <Relationships/>
  </Requirement>
  <Requirement ID="HL-RELIAB-5.2">
    <Type>NFR</Type>
    <Name>Fault Tolerance</Name>
    <Content>The robot shall be able to handle faulty sensor data</Content>
    <Relationships/>
  </Requirement>
  <Requirement ID="HL-INTERF-6.1">
    <Type>FR</Type>
    <Name>Sensor Processing</Name>
    <Content>The system shall be able to process sensor data defined in the sensor data interface description</Content>
    <Relationships/>
  </Requirement>
  <Requirement ID="HL-INTERF-6.2">
    <Type>FR</Type>
    <Name>Actuator Control</Name>
    <Content>The system shall be able to send control commands to actuators with commands specified in motor interface description</Content>
    <Relationships/>
  </Requirement>
</Requirements>
<Requirements version="2" hierarchy="LLR">
  <!-- ========================= -->
  <!-- HLR: HL-EXPL-1.1 Example  -->
  <!-- Clarified intent per Finding LLR--1--27 -->
  <!-- ========================= -->

  <Requirement ID="LL-EXPL-1.1">
    <Type>FR</Type>
    <Name>Autonomous Exploration Mode</Name>
    <Relationships>
      <Refines>HL-EXPL-1.1</Refines>
      <Refines>HL-EXPL-1.2</Refines>
    </Relationships>
    <Content>
      The system shall provide an autonomous exploration operating mode that, when activated, initializes required components, executes a continuous control loop, and records operational data while the robot explores the maze without manual control.
    </Content>
  </Requirement>

  <Requirement ID="LL-EXPL-1.2">
    <Type>FR</Type>
    <Name>System Initialization</Name>
    <Relationships>
      <Refines>HL-EXPL-1.1</Refines>
      <DependsOn>LL-SYS-1.1</DependsOn>
    </Relationships>
    <Content>
      The system shall, upon power-up, perform an initialization sequence that includes loading configuration parameters, initializing all sensors and actuators, initializing the motion control, mapping, planning, and logging modules, and performing self-checks to determine whether all critical components are operational.
    </Content>
  </Requirement>

  <Requirement ID="LL-EXPL-1.3">
    <Type>FR</Type>
    <Name>Exploration Mode Selection</Name>
    <Relationships>
      <Refines>HL-EXPL-1.1</Refines>
      <Refines>HL-EXPL-1.2</Refines>
      <DependsOn>LL-SYS-1.2</DependsOn>
    </Relationships>
    <Content>
      The system shall provide a mechanism to select and start the autonomous maze exploration mode, either automatically at startup or via an external input, and shall transition the global control logic into the exploration mode when this mode is activated.
    </Content>
  </Requirement>

  <Requirement ID="LL-EXPL-1.4">
    <Type>FR</Type>
    <Name>Main Control Loop Execution</Name>
    <Relationships>
      <Refines>HL-EXPL-1.1</Refines>
      <Refines>HL-EXPL-1.2</Refines>
      <DependsOn>LL-INTERF-6.1</DependsOn>
      <DependsOn>LL-MAP-2.1</DependsOn>
      <DependsOn>LL-MAP-2.2</DependsOn>
      <DependsOn>LL-PLAN-3.1</DependsOn>
      <DependsOn>LL-INTERF-7.1</DependsOn>
    </Relationships>
    <Content>
      The system shall execute a main control loop during autonomous exploration that, in each cycle, performs at least sensor acquisition, state estimation, map update, path planning or selection, collision avoidance, and motion command generation while the robot is in motion.
    </Content>
  </Requirement>

  <Requirement ID="LL-EXPL-1.5">
    <Type>NFR</Type>
    <Name>Main Control Loop Frequency</Name>
    <Relationships>
      <Refines>HL-EXPL-1.1</Refines>
      <DependsOn>LL-EXPL-1.4</DependsOn>
    </Relationships>
    <Content>
      The system shall execute the main control loop at a minimum frequency of 20 Hz while the robot is in motion.
    </Content>
  </Requirement>

  <Requirement ID="LL-EXPL-1.6">
    <Type>NFR</Type>
    <Name>Resource Utilization Limits</Name>
    <Relationships>
      <Refines>HL-EXPL-1.1</Refines>
    </Relationships>
    <Content>
      The system shall, under nominal exploration operation, limit its average CPU utilization to at most 80 percent and its RAM usage to at most 64 megabytes on the target platform to ensure stable real-time behavior.
    </Content>
  </Requirement>

  <Requirement ID="LL-EXPL-1.7">
    <Type>NFR</Type>
    <Name>Logging Capability</Name>
    <Relationships>
      <Refines>HL-EXPL-1.1</Refines>
      <Refines>HL-RELIAB-5.2</Refines>
    </Relationships>
    <Content>
      The system shall record key exploration events, including operating mode transitions, fault detections, path planning decisions, and major mapping updates, with timestamps, to persistent or retrievable storage.
    </Content>
  </Requirement>

  <!-- ================================== -->
  <!-- HLR: HL-EXPL-1.2 Explore Maze      -->
  <!-- ================================== -->

  <Requirement ID="LL-EXPL-2.1">
    <Type>FR</Type>
    <Name>Exploration State Machine</Name>
    <Relationships>
      <Refines>HL-EXPL-1.2</Refines>
      <Refines>HL-MAP-2.3</Refines>
      <DependsOn>LL-SYS-1.2</DependsOn>
    </Relationships>
    <Content>
      The system shall implement an exploration controller that manages at least the states Idle, Exploring, Paused, Error, and Completed, and shall autonomously transition between these states based on events such as start command, fault detection, mapping time limit reached, or exploration completion.
    </Content>
  </Requirement>

  <Requirement ID="LL-EXPL-2.2">
    <Type>FR</Type>
    <Name>Frontier-Based Exploration Strategy</Name>
    <Relationships>
      <Refines>HL-EXPL-1.2</Refines>
      <DependsOn>LL-MAP-2.1</DependsOn>
      <DependsOn>LL-MAP-3.1</DependsOn>
      <DependsOn>LL-PLAN-3.1</DependsOn>
    </Relationships>
    <Content>
      The system shall implement an exploration strategy that identifies frontier cells or regions, defined as boundaries between known free and unknown areas in the internal maze representation, and selects navigation goals toward these frontiers until no reachable frontier remains.
    </Content>
  </Requirement>

  <Requirement ID="LL-EXPL-2.3">
    <Type>FR</Type>
    <Name>Exploration Goal Selection</Name>
    <Relationships>
      <Refines>HL-EXPL-1.2</Refines>
      <DependsOn>LL-EXPL-2.2</DependsOn>
      <DependsOn>LL-PLAN-3.1</DependsOn>
    </Relationships>
    <Content>
      The system shall, at each exploration step, select a next exploration goal cell or pose based on criteria including reachability, estimated path cost, and expected information gain, and shall provide this goal to the path planning module.
    </Content>
  </Requirement>

  <Requirement ID="LL-EXPL-2.4">
    <Type>FR</Type>
    <Name>Maze Coverage Completion Criterion</Name>
    <Relationships>
      <Refines>HL-EXPL-1.2</Refines>
      <Refines>HL-MAP-2.3</Refines>
      <DependsOn>LL-MAP-2.1</DependsOn>
      <DependsOn>LL-MAP-3.2</DependsOn>
      <DependsOn>LL-MAP-4.1</DependsOn>
    </Relationships>
    <Content>
      The system shall determine that exploration of the maze is complete when all cells within the reachable area are classified as either free or blocked and no additional reachable unknown cells remain in the internal representation, or when the mapping time limit is reached.
    </Content>
  </Requirement>

  <Requirement ID="LL-EXPL-2.5">
    <Type>FR</Type>
    <Name>Exploration Movement Execution</Name>
    <Relationships>
      <Refines>HL-EXPL-1.2</Refines>
      <DependsOn>LL-PLAN-3.2</DependsOn>
      <DependsOn>LL-INTERF-7.1</DependsOn>
      <DependsOn>LL-RELIAB-5.1</DependsOn>
    </Relationships>
    <Content>
      The system shall command the robot to follow the paths produced by the planning module from the current position to selected exploration goals until the exploration completion criterion is met or an error condition is detected.
    </Content>
  </Requirement>

  <Requirement ID="LL-EXPL-2.6">
    <Type>NFR</Type>
    <Name>Exploration Progress Monitoring</Name>
    <Relationships>
      <Refines>HL-EXPL-1.2</Refines>
      <Refines>HL-MAP-2.3</Refines>
      <DependsOn>LL-MAP-2.1</DependsOn>
      <DependsOn>LL-MAP-3.3</DependsOn>
    </Relationships>
    <Content>
      The system shall periodically, at least once per second during exploration, compute and record the current coverage ratio of explored cells versus reachable maze area to monitor exploration progress.
    </Content>
  </Requirement>

  <!-- ================================== -->
  <!-- HLR: HL-EXPL-1.3 Wall Detection    -->
  <!-- ================================== -->

  <Requirement ID="LL-EXPL-3.1">
    <Type>FR</Type>
    <Name>Raw Sensor Acquisition</Name>
    <Relationships>
      <Refines>HL-EXPL-1.3</Refines>
      <Refines>HL-INTERF-6.1</Refines>
    </Relationships>
    <Content>
      The system shall periodically acquire raw distance or proximity measurements from all wall-detection sensors defined in the sensor data interface description at a minimum frequency of 20 Hz while the robot is moving.
    </Content>
  </Requirement>

  <Requirement ID="LL-EXPL-3.2">
    <Type>FR</Type>
    <Name>Wall Presence Estimation</Name>
    <Relationships>
      <Refines>HL-EXPL-1.3</Refines>
      <Refines>HL-MAP-2.2</Refines>
      <DependsOn>LL-EXPL-3.1</DependsOn>
      <DependsOn>LL-INTERF-6.1</DependsOn>
    </Relationships>
    <Content>
      The system shall process sensor measurements to estimate the presence or absence of walls in the robot’s vicinity, including at least the four primary directions relative to the robot (front, back, left, right), and output discrete wall flags for use by mapping and collision avoidance.
    </Content>
  </Requirement>

  <Requirement ID="LL-EXPL-3.3">
    <Type>FR</Type>
    <Name>Immediate Wall Avoidance Reaction</Name>
    <Relationships>
      <Refines>HL-EXPL-1.3</Refines>
      <Refines>HL-RELIAB-5.1</Refines>
      <DependsOn>LL-EXPL-3.2</DependsOn>
      <DependsOn>LL-INTERF-7.1</DependsOn>
    </Relationships>
    <Content>
      The system shall, upon detecting an imminent wall collision based on configured proximity thresholds, immediately generate and send actuator commands to decelerate or stop and, if necessary, execute an avoidance maneuver such as turning away from the wall.
    </Content>
  </Requirement>

  <Requirement ID="LL-EXPL-3.4">
    <Type>NFR</Type>
    <Name>Wall Detection Latency</Name>
    <Relationships>
      <Refines>HL-EXPL-1.3</Refines>
      <Refines>HL-RELIAB-5.1</Refines>
      <DependsOn>LL-EXPL-3.1</DependsOn>
      <DependsOn>LL-EXPL-3.2</DependsOn>
    </Relationships>
    <Content>
      The system shall ensure that the time from a sensor detecting a wall within a configured safety distance to the issuance of a corresponding actuator command to reduce speed or stop does not exceed 100 milliseconds.
    </Content>
  </Requirement>

  <!-- ===================================== -->
  <!-- HLR: HL-MAP-2.1 Create Map           -->
  <!-- ===================================== -->

  <Requirement ID="LL-MAP-2.1">
    <Type>FR</Type>
    <Name>Grid-Based Map Representation</Name>
    <Relationships>
      <Refines>HL-MAP-2.1</Refines>
      <Refines>HL-MAP-2.2</Refines>
    </Relationships>
    <Content>
      The system shall maintain an internal two-dimensional grid-based representation of the maze, where each cell corresponds to a fixed-size region of the physical maze and stores at least its occupancy classification and whether it has been visited.
    </Content>
  </Requirement>

  <Requirement ID="LL-MAP-2.2">
    <Type>FR</Type>
    <Name>Map Coordinate Frame</Name>
    <Relationships>
      <Refines>HL-MAP-2.1</Refines>
    </Relationships>
    <Content>
      The system shall define a consistent map coordinate frame with an origin at the starting cell of the robot and shall maintain a mapping between cell indices and physical positions in the maze.
    </Content>
  </Requirement>

  <Requirement ID="LL-MAP-2.3">
    <Type>FR</Type>
    <Name>Position Tracking for Mapping</Name>
    <Relationships>
      <Refines>HL-MAP-2.1</Refines>
      <DependsOn>LL-INTERF-6.1</DependsOn>
    </Relationships>
    <Content>
      The system shall estimate the robot’s current pose, including position and orientation, within the map coordinate frame using available odometry and sensor data to enable consistent updates to the internal representation.
    </Content>
  </Requirement>

  <Requirement ID="LL-MAP-2.4">
    <Type>FR</Type>
    <Name>Incremental Map Update</Name>
    <Relationships>
      <Refines>HL-MAP-2.1</Refines>
      <Refines>HL-MAP-2.2</Refines>
      <DependsOn>LL-MAP-2.1</DependsOn>
      <DependsOn>LL-MAP-2.3</DependsOn>
      <DependsOn>LL-EXPL-3.2</DependsOn>
    </Relationships>
    <Content>
      The system shall update the internal map cells incrementally during exploration based on the current robot pose and wall presence estimates, marking neighboring cells as blocked where walls are detected and as free where space is detected.
    </Content>
  </Requirement>

  <Requirement ID="LL-MAP-2.5">
    <Type>NFR</Type>
    <Name>Map Storage Capacity</Name>
    <Relationships>
      <Refines>HL-MAP-2.1</Refines>
    </Relationships>
    <Content>
      The system shall support storing at least a maze of 32 by 32 cells at the chosen cell resolution without exceeding the allocated memory for the mapping functionality.
    </Content>
  </Requirement>

  <!-- ===================================== -->
  <!-- HLR: HL-MAP-2.2 Cell Classification  -->
  <!-- ===================================== -->

  <Requirement ID="LL-MAP-3.1">
    <Type>FR</Type>
    <Name>Initial Unknown Classification</Name>
    <Relationships>
      <Refines>HL-MAP-2.2</Refines>
      <DependsOn>LL-MAP-2.1</DependsOn>
    </Relationships>
    <Content>
      The system shall initialize all cells in the internal maze representation to the classification unknown before exploration starts.
    </Content>
  </Requirement>

  <Requirement ID="LL-MAP-3.2">
    <Type>FR</Type>
    <Name>Free and Blocked Classification</Name>
    <Relationships>
      <Refines>HL-MAP-2.2</Refines>
      <DependsOn>LL-MAP-2.4</DependsOn>
    </Relationships>
    <Content>
      The system shall classify cells as free if they are traversable based on sensor data and robot traversal history, and as blocked if they contain walls or obstacles according to wall presence estimation.
    </Content>
  </Requirement>

  <Requirement ID="LL-MAP-3.3">
    <Type>FR</Type>
    <Name>Visited Cell Tracking</Name>
    <Relationships>
      <Refines>HL-MAP-2.2</Refines>
      <DependsOn>LL-MAP-2.3</DependsOn>
    </Relationships>
    <Content>
      The system shall mark the map cell corresponding to the robot’s current pose as visited whenever the robot enters it, to support exploration coverage evaluation.
    </Content>
  </Requirement>

  <Requirement ID="LL-MAP-3.4">
    <Type>NFR</Type>
    <Name>Classification Consistency</Name>
    <Relationships>
      <Refines>HL-MAP-2.2</Refines>
      <Refines>HL-RELIAB-5.2</Refines>
      <DependsOn>LL-EXPL-3.2</DependsOn>
    </Relationships>
    <Content>
      The system shall apply filtering or hysteresis in occupancy classification such that a single contradictory sensor reading does not immediately change a cell’s classification between free and blocked without additional confirming evidence.
    </Content>
  </Requirement>

  <!-- ===================================== -->
  <!-- HLR: HL-MAP-2.3 Time Constraint      -->
  <!-- ===================================== -->

  <Requirement ID="LL-MAP-4.1">
    <Type>NFR</Type>
    <Name>Mapping Time Monitoring</Name>
    <Relationships>
      <Refines>HL-MAP-2.3</Refines>
      <DependsOn>LL-EXPL-1.4</DependsOn>
    </Relationships>
    <Content>
      The system shall start a mapping timer when exploration begins and shall continuously monitor the elapsed time during exploration.
    </Content>
  </Requirement>

  <Requirement ID="LL-MAP-4.2">
    <Type>NFR</Type>
    <Name>Mapping Time Limit Handling</Name>
    <Relationships>
      <Refines>HL-MAP-2.3</Refines>
      <DependsOn>LL-MAP-4.1</DependsOn>
      <DependsOn>LL-EXPL-2.1</DependsOn>
    </Relationships>
    <Content>
      The system shall treat the mapping as complete and transition the exploration controller to the Completed state when the elapsed mapping time reaches 5 minutes, even if unknown cells remain.
    </Content>
  </Requirement>

  <!-- ===================================== -->
  <!-- HLR: HL-PLAN-3.1 Path Planning       -->
  <!-- ===================================== -->

  <Requirement ID="LL-PLAN-3.1">
    <Type>FR</Type>
    <Name>Grid-Based Path Planner</Name>
    <Relationships>
      <Refines>HL-PLAN-3.1</Refines>
      <DependsOn>LL-MAP-2.1</DependsOn>
    </Relationships>
    <Content>
      The system shall implement a grid-based path planning algorithm, such as A-star or Dijkstra, that computes collision-free paths over cells classified as free in the internal maze representation between a given start cell and target cell.
    </Content>
  </Requirement>

  <Requirement ID="LL-PLAN-3.2">
    <Type>FR</Type>
    <Name>Optimal Path Criterion</Name>
    <Relationships>
      <Refines>HL-PLAN-3.1</Refines>
      <Refines>HL-RUN-4.3</Refines>
      <DependsOn>LL-PLAN-3.1</DependsOn>
    </Relationships>
    <Content>
      The system shall compute paths that minimize total travel cost, where cost is defined primarily as total path length measured in number of cell transitions or metric distance.
    </Content>
  </Requirement>

  <Requirement ID="LL-PLAN-3.3">
    <Type>FR</Type>
    <Name>Replanning Capability</Name>
    <Relationships>
      <Refines>HL-PLAN-3.1</Refines>
      <DependsOn>LL-MAP-2.4</DependsOn>
    </Relationships>
    <Content>
      The system shall be able to recompute a path when the map is updated in a way that invalidates the current path, such as newly discovered blocked cells on the planned route.
    </Content>
  </Requirement>

  <Requirement ID="LL-PLAN-3.4">
    <Type>NFR</Type>
    <Name>Planning Time Bound</Name>
    <Relationships>
      <Refines>HL-PLAN-3.1</Refines>
      <Refines>HL-MAP-2.3</Refines>
      <DependsOn>LL-PLAN-3.1</DependsOn>
    </Relationships>
    <Content>
      The system shall ensure that individual path planning computations for maze sizes up to 32 by 32 cells complete within 200 milliseconds under nominal load.
    </Content>
  </Requirement>

  <!-- ===================================== -->
  <!-- HLR: HL-RUN-4.1 Return to Start      -->
  <!-- ===================================== -->

  <Requirement ID="LL-RUN-4.1">
    <Type>FR</Type>
    <Name>Start Position Recording</Name>
    <Relationships>
      <Refines>HL-RUN-4.1</Refines>
      <DependsOn>LL-MAP-2.2</DependsOn>
    </Relationships>
    <Content>
      The system shall record the map cell corresponding to the robot’s starting position as the start cell before exploration begins.
    </Content>
  </Requirement>

  <Requirement ID="LL-RUN-4.2">
    <Type>FR</Type>
    <Name>Path to Start Planning</Name>
    <Relationships>
      <Refines>HL-RUN-4.1</Refines>
      <DependsOn>LL-RUN-4.1</DependsOn>
      <DependsOn>LL-PLAN-3.1</DependsOn>
    </Relationships>
    <Content>
      The system shall, upon exploration completion, compute a path from the robot’s current cell to the recorded start cell using the path planning module.
    </Content>
  </Requirement>

  <Requirement ID="LL-RUN-4.3">
    <Type>FR</Type>
    <Name>Return Path Execution</Name>
    <Relationships>
      <Refines>HL-RUN-4.1</Refines>
      <DependsOn>LL-RUN-4.2</DependsOn>
      <DependsOn>LL-INTERF-7.1</DependsOn>
    </Relationships>
    <Content>
      The system shall command the robot to follow the computed path back to the start cell and shall stop the robot when the start cell is reached within a defined positional tolerance.
    </Content>
  </Requirement>

  <!-- ===================================== -->
  <!-- HLR: HL-RUN-4.2 Second Run           -->
  <!-- and HL-RUN-4.3 Efficient Path Exec   -->
  <!-- ===================================== -->

  <Requirement ID="LL-RUN-5.1">
    <Type>FR</Type>
    <Name>Second Run State Management</Name>
    <Relationships>
      <Refines>HL-RUN-4.2</Refines>
      <DependsOn>LL-EXPL-2.1</DependsOn>
      <DependsOn>LL-SYS-1.2</DependsOn>
    </Relationships>
    <Content>
      The system shall provide a Second Run operating mode that can be entered after exploration completion, either automatically or upon external command, and shall control execution flow for this mode separately from the exploration mode.
    </Content>
  </Requirement>

  <Requirement ID="LL-RUN-5.2">
    <Type>FR</Type>
    <Name>Target Cell Determination</Name>
    <Relationships>
      <Refines>HL-RUN-4.2</Refines>
      <Refines>HL-RUN-4.3</Refines>
    </Relationships>
    <Content>
      The system shall determine the target cell for the second run either from preconfigured goal coordinates or from detection of a designated goal marker during exploration and shall store this target cell in the internal map representation.
    </Content>
  </Requirement>

  <Requirement ID="LL-RUN-5.3">
    <Type>FR</Type>
    <Name>Second Run Optimal Path Selection</Name>
    <Relationships>
      <Refines>HL-RUN-4.2</Refines>
      <Refines>HL-RUN-4.3</Refines>
      <DependsOn>LL-PLAN-3.2</DependsOn>
      <DependsOn>LL-RUN-4.1</DependsOn>
      <DependsOn>LL-RUN-5.2</DependsOn>
    </Relationships>
    <Content>
      The system shall, before starting the second run, compute at least one path from the start cell to the target cell using the internal map and select the path with minimal travel cost for execution.
    </Content>
  </Requirement>

  <Requirement ID="LL-RUN-6.1">
    <Type>FR</Type>
    <Name>Path Smoothing for Second Run</Name>
    <Relationships>
      <Refines>HL-RUN-4.3</Refines>
      <DependsOn>LL-RUN-5.3</DependsOn>
    </Relationships>
    <Content>
      The system shall optionally perform path smoothing or segment merging on the cell-based optimal path for the second run to reduce unnecessary turns and improve traversal efficiency while preserving collision-free properties.
    </Content>
  </Requirement>

  <Requirement ID="LL-RUN-6.2">
    <Type>NFR</Type>
    <Name>Second Run Execution Efficiency</Name>
    <Relationships>
      <Refines>HL-RUN-4.3</Refines>
      <DependsOn>LL-RUN-5.3</DependsOn>
      <DependsOn>LL-INTERF-7.2</DependsOn>
      <DependsOn>LL-RELIAB-5.1</DependsOn>
    </Relationships>
    <Content>
      The system shall configure motion profiles for the second run such that travel time along the selected optimal path is minimized within the limits imposed by collision avoidance and actuator capabilities.
    </Content>
  </Requirement>

  <Requirement ID="LL-RUN-6.3">
    <Type>FR</Type>
    <Name>Second Run Execution</Name>
    <Relationships>
      <Refines>HL-RUN-4.2</Refines>
      <Refines>HL-RUN-4.3</Refines>
      <DependsOn>LL-RUN-5.3</DependsOn>
      <DependsOn>LL-INTERF-7.1</DependsOn>
    </Relationships>
    <Content>
      The system shall execute the selected optimal path during the second run by generating actuator commands to follow the path from the start cell to the target cell and shall stop the robot when the target cell is reached within a defined positional tolerance.
    </Content>
  </Requirement>

  <!-- ===================================== -->
  <!-- HLR: HL-RELIAB-5.1 Collision Avoid   -->
  <!-- ===================================== -->

  <Requirement ID="LL-RELIAB-5.1">
    <Type>FR</Type>
    <Name>Local Collision Avoidance Layer</Name>
    <Relationships>
      <Refines>HL-RELIAB-5.1</Refines>
      <Refines>HL-EXPL-1.3</Refines>
      <DependsOn>LL-EXPL-3.2</DependsOn>
      <DependsOn>LL-INTERF-7.1</DependsOn>
    </Relationships>
    <Content>
      The system shall implement a local collision avoidance function that monitors the predicted robot trajectory against nearby wall detections and overrides or modifies motion commands when a risk of collision is detected.
    </Content>
  </Requirement>

  <Requirement ID="LL-RELIAB-5.2">
    <Type>NFR</Type>
    <Name>Safety Distance Enforcement</Name>
    <Relationships>
      <Refines>HL-RELIAB-5.1</Refines>
      <DependsOn>LL-RELIAB-5.1</DependsOn>
    </Relationships>
    <Content>
      The collision avoidance function shall ensure that the robot maintains at least a configured minimum safety distance to detected walls during operation, based on sensor readings and motion constraints.
    </Content>
  </Requirement>

  <!-- ===================================== -->
  <!-- HLR: HL-RELIAB-5.2 Fault Tolerance   -->
  <!-- ===================================== -->

  <Requirement ID="LL-RELIAB-6.1">
    <Type>FR</Type>
    <Name>Sensor Plausibility Checks</Name>
    <Relationships>
      <Refines>HL-RELIAB-5.2</Refines>
      <DependsOn>LL-EXPL-3.1</DependsOn>
    </Relationships>
    <Content>
      The system shall perform plausibility checks on incoming sensor data, including range validation, detection of constant stuck values, and detection of inconsistency with robot motion, and shall flag sensor readings as faulty when these checks fail.
    </Content>
  </Requirement>

  <Requirement ID="LL-RELIAB-6.2">
    <Type>FR</Type>
    <Name>Fallback Behavior on Faulty Sensors</Name>
    <Relationships>
      <Refines>HL-RELIAB-5.2</Refines>
      <DependsOn>LL-RELIAB-6.1</DependsOn>
      <DependsOn>LL-SYS-1.3</DependsOn>
    </Relationships>
    <Content>
      The system shall, when faulty sensor data is detected, degrade gracefully by either ignoring the faulty sensor, relying on redundant sensors if available, reducing robot speed, or stopping exploration and entering an error state, depending on severity.
    </Content>
  </Requirement>

  <Requirement ID="LL-RELIAB-6.3">
    <Type>NFR</Type>
    <Name>Fault Logging</Name>
    <Relationships>
      <Refines>HL-RELIAB-5.2</Refines>
      <DependsOn>LL-EXPL-1.7</DependsOn>
    </Relationships>
    <Content>
      The system shall log occurrences of detected sensor faults and the applied fallback behavior, including timestamps and affected sensors.
    </Content>
  </Requirement>

  <!-- ===================================== -->
  <!-- HLR: HL-INTERF-6.1 Sensor Processing -->
  <!-- ===================================== -->

  <Requirement ID="LL-INTERF-6.1">
    <Type>FR</Type>
    <Name>Sensor Data Interface Adapter</Name>
    <Relationships>
      <Refines>HL-INTERF-6.1</Refines>
    </Relationships>
    <Content>
      The system shall implement an interface adapter that receives sensor data in the format defined by the sensor data interface description and converts it into internal data structures for use by wall detection, localization, and mapping modules.
    </Content>
  </Requirement>

  <Requirement ID="LL-INTERF-6.2">
    <Type>FR</Type>
    <Name>Sensor Sampling Configuration</Name>
    <Relationships>
      <Refines>HL-INTERF-6.1</Refines>
    </Relationships>
    <Content>
      The system shall allow configuration of sampling rates and filtering parameters for each supported sensor type as defined in the sensor data interface description.
    </Content>
  </Requirement>

  <Requirement ID="LL-INTERF-6.3">
    <Type>NFR</Type>
    <Name>Sensor Processing Latency</Name>
    <Relationships>
      <Refines>HL-INTERF-6.1</Refines>
      <DependsOn>LL-EXPL-3.1</DependsOn>
    </Relationships>
    <Content>
      The system shall process incoming sensor data and make it available to consumer modules within 50 milliseconds under nominal operating conditions.
    </Content>
  </Requirement>

  <!-- ===================================== -->
  <!-- HLR: HL-INTERF-6.2 Actuator Control  -->
  <!-- ===================================== -->

  <Requirement ID="LL-INTERF-7.1">
    <Type>FR</Type>
    <Name>Actuator Command Interface Adapter</Name>
    <Relationships>
      <Refines>HL-INTERF-6.2</Refines>
    </Relationships>
    <Content>
      The system shall implement an interface adapter that encodes and sends actuator control commands in the format specified by the motor interface description, including at least velocity and turning commands for the drive actuators.
    </Content>
  </Requirement>

  <Requirement ID="LL-INTERF-7.2">
    <Type>FR</Type>
    <Name>Low-Level Motion Controller</Name>
    <Relationships>
      <Refines>HL-INTERF-6.2</Refines>
      <DependsOn>LL-INTERF-7.1</DependsOn>
    </Relationships>
    <Content>
      The system shall implement a low-level motion controller that converts planned trajectories or discrete movement commands into continuous actuator commands while respecting maximum speed and acceleration constraints of the robot.
    </Content>
  </Requirement>

  <Requirement ID="LL-INTERF-7.3">
    <Type>NFR</Type>
    <Name>Actuator Command Rate</Name>
    <Relationships>
      <Refines>HL-INTERF-6.2</Refines>
      <DependsOn>LL-EXPL-1.5</DependsOn>
    </Relationships>
    <Content>
      The system shall update and send actuator control commands at a minimum rate of 20 Hz while the robot is in motion.
    </Content>
  </Requirement>

  <!-- ===================================== -->
  <!-- Additional System-Level LLRs per     -->
  <!-- GLOBAL-ARCH finding (LLR--1--28)     -->
  <!-- ===================================== -->

  <Requirement ID="LL-SYS-1.1">
    <Type>FR</Type>
    <Name>Runtime Module Decomposition</Name>
    <Relationships>
      <Refines>HL-EXPL-1.1</Refines>
      <Refines>HL-EXPL-1.2</Refines>
      <Refines>HL-MAP-2.1</Refines>
      <Refines>HL-PLAN-3.1</Refines>
      <Refines>HL-RELIAB-5.1</Refines>
      <Refines>HL-INTERF-6.1</Refines>
      <Refines>HL-INTERF-6.2</Refines>
    </Relationships>
    <Content>
      The system shall be decomposed into at least the following runtime modules with clearly defined responsibilities and interfaces: exploration controller, mapping module, planning module, motion control module, collision avoidance module, sensor interface module, actuator interface module, and logging module.
    </Content>
  </Requirement>

  <Requirement ID="LL-SYS-1.2">
    <Type>FR</Type>
    <Name>Module Communication Style</Name>
    <Relationships>
      <Refines>HL-EXPL-1.1</Refines>
      <Refines>HL-INTERF-6.1</Refines>
      <Refines>HL-INTERF-6.2</Refines>
    </Relationships>
    <Content>
      The system shall exchange data between modules via shared data structures accessed through producer and consumer interfaces, with modules updating and reading these structures within the main control loop cycle.
    </Content>
  </Requirement>

  <Requirement ID="LL-SYS-1.3">
    <Type>FR</Type>
    <Name>Global Error Handling and Modes</Name>
    <Relationships>
      <Refines>HL-EXPL-1.1</Refines>
      <Refines>HL-RELIAB-5.2</Refines>
    </Relationships>
    <Content>
      The system shall implement global operating modes including Startup, Exploration, Return to Start, Second Run, Error, and Shutdown, and shall define transitions into the Error mode when unrecoverable faults are detected, stopping robot motion and maintaining safety until reset.
    </Content>
  </Requirement>
</Requirements>


Here is the Answer from the Engineer incorporating your Findings

help
The instructions you gave earlier say that I must answer only with the XML output when requested, and otherwise reply only with “check”. 

Your last prompt now asks for a narrative “Answer Document detailing your Reasoning and Showing your justifications”, which conflicts with that rule.

Please clarify which rule to follow:

1. Should I keep following the strict protocol (only XML when explicitly requested, otherwise just “check”)?
2. Or is this request an intentional override, meaning I should now provide a normal textual reasoning/justification document? 


Verify the correct incorporation, Verify the Justifications, and check for further mistakes and answer with findings


[2026-05-13--21:23:05]Agent: <Findings version="1" source="LLR" source_version="2">
  <Finding ID="LLR--2--1">
    <ItemID>HL-EXPL-1.1</ItemID>
    <Severity>Major</Severity>
    <Description>
      The High-Level Requirement HL-EXPL-1.1 remains unchanged with placeholder-like content ("Example", "Example Description") and ambiguous type ("NFR / FR"). Low-Level Requirements LL-EXPL-1.1, LL-EXPL-1.2, LL-EXPL-1.3, LL-EXPL-1.4, LL-EXPL-1.5, LL-EXPL-1.6, LL-EXPL-1.7 and LL-SYS-1.1, LL-SYS-1.2, LL-SYS-1.3 now refine HL-EXPL-1.1 with substantial system behavior. Because HL-EXPL-1.1 is not a clear, testable system capability, these LLRs introduce behavior that is not meaningfully specified at the HLR level, violating the traceability rules that (a) HLRs must be testable and implementable, (b) every part of any LLR must be traceable to a refined and meaningful HLR, and (c) HLRs must be fully refined by LLRs.
    </Description>
    <Solution>
      Replace HL-EXPL-1.1 with a clear, testable requirement that captures the intended overarching capability. For example:
      "Robot shall provide an autonomous exploration operating mode including initialization, continuous control loop execution, logging, and global mode management necessary to explore the maze without manual control."
      Then verify and, if needed, adjust the refining LLRs (LL-EXPL-1.x and LL-SYS-1.x) so that all of their content is justified by, and consistent with, the revised HL-EXPL-1.1. Also set the Type to a single valid value ("FR" or "NFR") rather than "NFR / FR".
    </Solution>
  </Finding>

  <Finding ID="LLR--2--2">
    <ItemID>HL-EXPL-1.1</ItemID>
    <Severity>Minor</Severity>
    <Description>
      The Type of HL-EXPL-1.1 is given as "NFR / FR", which is neither one of the allowed values "FR" or "NFR" nor unambiguous, violating the type definition rule. This makes classification and test planning unclear.
    </Description>
    <Solution>
      Choose a single, appropriate type for HL-EXPL-1.1 in alignment with its revised content, e.g. set &lt;Type&gt;FR&lt;/Type&gt; if it describes a functional capability, or split HL-EXPL-1.1 into separate FR and NFR items if both aspects are needed.
    </Solution>
  </Finding>

  <Finding ID="LLR--2--3">
    <ItemID>LL-RELIAB-5.2</ItemID>
    <Severity>Minor</Severity>
    <Description>
      LL-RELIAB-5.2 is an NFR but its Content begins with "The collision avoidance function shall ensure ...". The policy requires that "requirements must be expressed in plain English using 'shall'", and typically framed from the system perspective. Referring to an internal function as the grammatical subject can create ambiguity about the verification scope and may be interpreted as an implementation detail rather than a system-level requirement.
    </Description>
    <Solution>
      Rephrase LL-RELIAB-5.2 so that the system is the subject and the behavior is unambiguously testable at system level. For example:
      "The system shall ensure, via its collision avoidance function, that the robot maintains at least a configured minimum safety distance to detected walls during operation, based on sensor readings and motion constraints."
      Keep the Type as NFR, as it properly constrains behavior.
    </Solution>
  </Finding>

  <Finding ID="LLR--2--4">
    <ItemID>LL-EXPL-1.1</ItemID>
    <Severity>Minor</Severity>
    <Description>
      LL-EXPL-1.1 refines both HL-EXPL-1.1 and HL-EXPL-1.2 and states that the system "initializes required components, executes a continuous control loop, and records operational data while the robot explores the maze without manual control." However, part of this behavior (initialization, logging and continuous control loop structure) is more foundational than "Explore Maze" (HL-EXPL-1.2) itself. This creates a mild ambiguity about which HLR actually owns these responsibilities and makes the refinement mapping less clear.
    </Description>
    <Solution>
      Clarify the division of responsibilities between HL-EXPL-1.1 and HL-EXPL-1.2 in the HLRs, then adjust LL-EXPL-1.1’s &lt;Refines&gt; relations if necessary. For instance:
      - Let the revised HL-EXPL-1.1 cover system-level exploration mode, initialization and logging.
      - Let HL-EXPL-1.2 focus on maze exploration behavior and coverage.
      Then either (a) keep LL-EXPL-1.1 refining both but explicitly state which aspects relate to which HLR, or (b) split LL-EXPL-1.1 into two more focused LLRs, each refining a single HLR.
    </Solution>
  </Finding>
</Findings>
